{"/Users/abhishet/projects/BattleShip/Test/controllerTest.js":{"path":"/Users/abhishet/projects/BattleShip/Test/controllerTest.js","s":{"1":1,"2":1,"3":1,"4":1,"5":0,"6":0,"7":0},"b":{},"f":{"1":0,"2":0,"3":0},"fnMap":{"1":{"name":"(anonymous_1)","line":5,"loc":{"start":{"line":5,"column":22},"end":{"line":5,"column":33}}},"2":{"name":"(anonymous_2)","line":6,"loc":{"start":{"line":6,"column":14},"end":{"line":6,"column":24}}},"3":{"name":"(anonymous_3)","line":7,"loc":{"start":{"line":7,"column":28},"end":{"line":7,"column":42}}}},"statementMap":{"1":{"start":{"line":1,"column":0},"end":{"line":1,"column":36}},"2":{"start":{"line":2,"column":0},"end":{"line":2,"column":42}},"3":{"start":{"line":3,"column":0},"end":{"line":3,"column":35}},"4":{"start":{"line":5,"column":0},"end":{"line":15,"column":3}},"5":{"start":{"line":6,"column":1},"end":{"line":14,"column":3}},"6":{"start":{"line":7,"column":2},"end":{"line":13,"column":5}},"7":{"start":{"line":8,"column":2},"end":{"line":12,"column":20}}},"branchMap":{}},"/Users/abhishet/projects/BattleShip/controller.js":{"path":"/Users/abhishet/projects/BattleShip/controller.js","s":{"1":1,"2":1,"3":1,"4":1,"5":1,"6":1,"7":1,"8":1,"9":0,"10":0,"11":0,"12":1,"13":0,"14":0,"15":1,"16":1,"17":1,"18":1,"19":1,"20":0,"21":0,"22":0,"23":1,"24":0,"25":0,"26":1,"27":0,"28":0,"29":1,"30":0,"31":0,"32":1,"33":0,"34":0,"35":0,"36":0,"37":0,"38":0,"39":0,"40":0,"41":0,"42":0,"43":1,"44":0,"45":0,"46":0,"47":0,"48":0,"49":1,"50":0,"51":0,"52":0,"53":1},"b":{"1":[0,0]},"f":{"1":0,"2":0,"3":0,"4":0,"5":0,"6":0,"7":0,"8":0,"9":0},"fnMap":{"1":{"name":"(anonymous_1)","line":9,"loc":{"start":{"line":9,"column":33},"end":{"line":9,"column":56}}},"2":{"name":"(anonymous_2)","line":15,"loc":{"start":{"line":15,"column":22},"end":{"line":15,"column":40}}},"3":{"name":"(anonymous_3)","line":26,"loc":{"start":{"line":26,"column":19},"end":{"line":26,"column":36}}},"4":{"name":"(anonymous_4)","line":32,"loc":{"start":{"line":32,"column":26},"end":{"line":32,"column":43}}},"5":{"name":"(anonymous_5)","line":37,"loc":{"start":{"line":37,"column":21},"end":{"line":37,"column":38}}},"6":{"name":"(anonymous_6)","line":42,"loc":{"start":{"line":42,"column":21},"end":{"line":42,"column":38}}},"7":{"name":"(anonymous_7)","line":47,"loc":{"start":{"line":47,"column":19},"end":{"line":47,"column":36}}},"8":{"name":"(anonymous_8)","line":62,"loc":{"start":{"line":62,"column":24},"end":{"line":62,"column":41}}},"9":{"name":"(anonymous_9)","line":78,"loc":{"start":{"line":78,"column":20},"end":{"line":78,"column":37}}}},"statementMap":{"1":{"start":{"line":1,"column":0},"end":{"line":1,"column":33}},"2":{"start":{"line":2,"column":0},"end":{"line":2,"column":20}},"3":{"start":{"line":3,"column":0},"end":{"line":3,"column":40}},"4":{"start":{"line":4,"column":0},"end":{"line":4,"column":44}},"5":{"start":{"line":5,"column":0},"end":{"line":5,"column":40}},"6":{"start":{"line":6,"column":0},"end":{"line":6,"column":30}},"7":{"start":{"line":7,"column":0},"end":{"line":7,"column":30}},"8":{"start":{"line":9,"column":0},"end":{"line":13,"column":1}},"9":{"start":{"line":10,"column":1},"end":{"line":10,"column":61}},"10":{"start":{"line":11,"column":1},"end":{"line":11,"column":47}},"11":{"start":{"line":12,"column":1},"end":{"line":12,"column":8}},"12":{"start":{"line":15,"column":0},"end":{"line":18,"column":1}},"13":{"start":{"line":16,"column":1},"end":{"line":16,"column":34}},"14":{"start":{"line":17,"column":1},"end":{"line":17,"column":70}},"15":{"start":{"line":20,"column":0},"end":{"line":20,"column":49}},"16":{"start":{"line":21,"column":0},"end":{"line":21,"column":24}},"17":{"start":{"line":22,"column":0},"end":{"line":22,"column":60}},"18":{"start":{"line":23,"column":0},"end":{"line":23,"column":36}},"19":{"start":{"line":26,"column":0},"end":{"line":30,"column":3}},"20":{"start":{"line":27,"column":1},"end":{"line":27,"column":51}},"21":{"start":{"line":28,"column":1},"end":{"line":28,"column":26}},"22":{"start":{"line":29,"column":1},"end":{"line":29,"column":39}},"23":{"start":{"line":32,"column":0},"end":{"line":35,"column":3}},"24":{"start":{"line":33,"column":1},"end":{"line":33,"column":61}},"25":{"start":{"line":34,"column":1},"end":{"line":34,"column":58}},"26":{"start":{"line":37,"column":0},"end":{"line":40,"column":3}},"27":{"start":{"line":38,"column":1},"end":{"line":38,"column":61}},"28":{"start":{"line":39,"column":1},"end":{"line":39,"column":45}},"29":{"start":{"line":42,"column":0},"end":{"line":45,"column":2}},"30":{"start":{"line":43,"column":1},"end":{"line":43,"column":61}},"31":{"start":{"line":44,"column":1},"end":{"line":44,"column":53}},"32":{"start":{"line":47,"column":0},"end":{"line":60,"column":3}},"33":{"start":{"line":48,"column":1},"end":{"line":48,"column":36}},"34":{"start":{"line":49,"column":1},"end":{"line":49,"column":35}},"35":{"start":{"line":50,"column":1},"end":{"line":50,"column":61}},"36":{"start":{"line":51,"column":1},"end":{"line":57,"column":62}},"37":{"start":{"line":52,"column":2},"end":{"line":52,"column":48}},"38":{"start":{"line":53,"column":2},"end":{"line":53,"column":39}},"39":{"start":{"line":54,"column":2},"end":{"line":54,"column":61}},"40":{"start":{"line":57,"column":2},"end":{"line":57,"column":62}},"41":{"start":{"line":58,"column":1},"end":{"line":58,"column":29}},"42":{"start":{"line":59,"column":1},"end":{"line":59,"column":21}},"43":{"start":{"line":62,"column":0},"end":{"line":76,"column":2}},"44":{"start":{"line":63,"column":1},"end":{"line":63,"column":17}},"45":{"start":{"line":64,"column":1},"end":{"line":64,"column":61}},"46":{"start":{"line":65,"column":1},"end":{"line":65,"column":51}},"47":{"start":{"line":66,"column":1},"end":{"line":74,"column":2}},"48":{"start":{"line":75,"column":1},"end":{"line":75,"column":18}},"49":{"start":{"line":78,"column":0},"end":{"line":82,"column":2}},"50":{"start":{"line":79,"column":1},"end":{"line":79,"column":61}},"51":{"start":{"line":80,"column":1},"end":{"line":80,"column":28}},"52":{"start":{"line":81,"column":2},"end":{"line":81,"column":17}},"53":{"start":{"line":84,"column":0},"end":{"line":84,"column":21}}},"branchMap":{"1":{"line":51,"type":"if","locations":[{"start":{"line":51,"column":1},"end":{"line":51,"column":1}},{"start":{"line":51,"column":1},"end":{"line":51,"column":1}}]}}},"/Users/abhishet/projects/BattleShip/observer.js":{"path":"/Users/abhishet/projects/BattleShip/observer.js","s":{"1":1,"2":1,"3":1,"4":1,"5":1,"6":1,"7":1,"8":0,"9":0,"10":0,"11":1,"12":0,"13":0,"14":0,"15":0,"16":0,"17":0,"18":1,"19":0,"20":0,"21":1},"b":{"1":[0,0],"2":[0,0]},"f":{"1":1,"2":0,"3":0,"4":0,"5":0},"fnMap":{"1":{"name":"(anonymous_1)","line":4,"loc":{"start":{"line":4,"column":15},"end":{"line":4,"column":26}}},"2":{"name":"(anonymous_2)","line":8,"loc":{"start":{"line":8,"column":16},"end":{"line":8,"column":27}}},"3":{"name":"(anonymous_3)","line":13,"loc":{"start":{"line":13,"column":23},"end":{"line":13,"column":43}}},"4":{"name":"(anonymous_4)","line":24,"loc":{"start":{"line":24,"column":28},"end":{"line":24,"column":45}}},"5":{"name":"(anonymous_5)","line":25,"loc":{"start":{"line":25,"column":27},"end":{"line":25,"column":41}}}},"statementMap":{"1":{"start":{"line":1,"column":0},"end":{"line":1,"column":33}},"2":{"start":{"line":2,"column":0},"end":{"line":2,"column":25}},"3":{"start":{"line":3,"column":0},"end":{"line":3,"column":29}},"4":{"start":{"line":4,"column":0},"end":{"line":29,"column":2}},"5":{"start":{"line":5,"column":1},"end":{"line":5,"column":17}},"6":{"start":{"line":6,"column":1},"end":{"line":6,"column":18}},"7":{"start":{"line":8,"column":1},"end":{"line":12,"column":3}},"8":{"start":{"line":9,"column":2},"end":{"line":9,"column":18}},"9":{"start":{"line":10,"column":2},"end":{"line":10,"column":42}},"10":{"start":{"line":11,"column":2},"end":{"line":11,"column":17}},"11":{"start":{"line":13,"column":1},"end":{"line":23,"column":3}},"12":{"start":{"line":14,"column":2},"end":{"line":14,"column":52}},"13":{"start":{"line":15,"column":2},"end":{"line":22,"column":3}},"14":{"start":{"line":16,"column":3},"end":{"line":16,"column":48}},"15":{"start":{"line":19,"column":3},"end":{"line":19,"column":18}},"16":{"start":{"line":20,"column":3},"end":{"line":20,"column":38}},"17":{"start":{"line":21,"column":3},"end":{"line":21,"column":53}},"18":{"start":{"line":24,"column":1},"end":{"line":28,"column":3}},"19":{"start":{"line":25,"column":2},"end":{"line":27,"column":5}},"20":{"start":{"line":26,"column":3},"end":{"line":26,"column":32}},"21":{"start":{"line":30,"column":0},"end":{"line":30,"column":25}}},"branchMap":{"1":{"line":15,"type":"if","locations":[{"start":{"line":15,"column":2},"end":{"line":15,"column":2}},{"start":{"line":15,"column":2},"end":{"line":15,"column":2}}]},"2":{"line":15,"type":"binary-expr","locations":[{"start":{"line":15,"column":5},"end":{"line":15,"column":16}},{"start":{"line":15,"column":20},"end":{"line":15,"column":52}}]}}},"/Users/abhishet/projects/BattleShip/player.js":{"path":"/Users/abhishet/projects/BattleShip/player.js","s":{"1":1,"2":1,"3":1,"4":0,"5":0,"6":0,"7":0,"8":0,"9":0,"10":0,"11":0,"12":1,"13":0,"14":1,"15":0,"16":0,"17":0,"18":0,"19":1,"20":0,"21":0,"22":0,"23":0,"24":0,"25":0,"26":0,"27":0,"28":1},"b":{"1":[0,0],"2":[0,0]},"f":{"1":0,"2":0,"3":0,"4":0,"5":0,"6":0},"fnMap":{"1":{"name":"(anonymous_1)","line":3,"loc":{"start":{"line":3,"column":13},"end":{"line":3,"column":32}}},"2":{"name":"(anonymous_2)","line":15,"loc":{"start":{"line":15,"column":28},"end":{"line":15,"column":43}}},"3":{"name":"(anonymous_3)","line":19,"loc":{"start":{"line":19,"column":36},"end":{"line":19,"column":46}}},"4":{"name":"(anonymous_4)","line":20,"loc":{"start":{"line":20,"column":43},"end":{"line":20,"column":61}}},"5":{"name":"(anonymous_5)","line":28,"loc":{"start":{"line":28,"column":32},"end":{"line":28,"column":53}}},"6":{"name":"(anonymous_6)","line":32,"loc":{"start":{"line":32,"column":21},"end":{"line":32,"column":35}}}},"statementMap":{"1":{"start":{"line":1,"column":0},"end":{"line":1,"column":41}},"2":{"start":{"line":2,"column":0},"end":{"line":2,"column":29}},"3":{"start":{"line":3,"column":0},"end":{"line":12,"column":2}},"4":{"start":{"line":4,"column":1},"end":{"line":4,"column":18}},"5":{"start":{"line":5,"column":1},"end":{"line":5,"column":18}},"6":{"start":{"line":6,"column":1},"end":{"line":6,"column":17}},"7":{"start":{"line":7,"column":1},"end":{"line":7,"column":18}},"8":{"start":{"line":8,"column":1},"end":{"line":8,"column":16}},"9":{"start":{"line":9,"column":1},"end":{"line":9,"column":21}},"10":{"start":{"line":10,"column":1},"end":{"line":10,"column":22}},"11":{"start":{"line":11,"column":1},"end":{"line":11,"column":19}},"12":{"start":{"line":15,"column":0},"end":{"line":17,"column":1}},"13":{"start":{"line":16,"column":1},"end":{"line":16,"column":23}},"14":{"start":{"line":19,"column":0},"end":{"line":26,"column":2}},"15":{"start":{"line":20,"column":1},"end":{"line":22,"column":4}},"16":{"start":{"line":21,"column":2},"end":{"line":21,"column":31}},"17":{"start":{"line":23,"column":1},"end":{"line":25,"column":2}},"18":{"start":{"line":24,"column":2},"end":{"line":24,"column":23}},"19":{"start":{"line":28,"column":0},"end":{"line":39,"column":2}},"20":{"start":{"line":29,"column":1},"end":{"line":37,"column":2}},"21":{"start":{"line":30,"column":2},"end":{"line":30,"column":113}},"22":{"start":{"line":31,"column":2},"end":{"line":31,"column":40}},"23":{"start":{"line":32,"column":2},"end":{"line":34,"column":5}},"24":{"start":{"line":33,"column":3},"end":{"line":33,"column":36}},"25":{"start":{"line":35,"column":2},"end":{"line":35,"column":26}},"26":{"start":{"line":36,"column":2},"end":{"line":36,"column":11}},"27":{"start":{"line":38,"column":1},"end":{"line":38,"column":10}},"28":{"start":{"line":45,"column":0},"end":{"line":45,"column":24}}},"branchMap":{"1":{"line":23,"type":"if","locations":[{"start":{"line":23,"column":1},"end":{"line":23,"column":1}},{"start":{"line":23,"column":1},"end":{"line":23,"column":1}}]},"2":{"line":29,"type":"if","locations":[{"start":{"line":29,"column":1},"end":{"line":29,"column":1}},{"start":{"line":29,"column":1},"end":{"line":29,"column":1}}]}}},"/Users/abhishet/projects/BattleShip/battleShip.js":{"path":"/Users/abhishet/projects/BattleShip/battleShip.js","s":{"1":1,"2":1,"3":1,"4":0,"5":1,"6":0,"7":0,"8":1,"9":0,"10":0,"11":0,"12":0,"13":0,"14":0,"15":0,"16":0,"17":1,"18":0,"19":0,"20":0},"b":{},"f":{"1":0,"2":0,"3":0,"4":0,"5":0,"6":0,"7":0},"fnMap":{"1":{"name":"(anonymous_1)","line":5,"loc":{"start":{"line":5,"column":12},"end":{"line":5,"column":53}}},"2":{"name":"(anonymous_2)","line":9,"loc":{"start":{"line":9,"column":46},"end":{"line":9,"column":84}}},"3":{"name":"(anonymous_3)","line":10,"loc":{"start":{"line":10,"column":35},"end":{"line":10,"column":55}}},"4":{"name":"(anonymous_4)","line":15,"loc":{"start":{"line":15,"column":18},"end":{"line":15,"column":29}}},"5":{"name":"makeArray","line":17,"loc":{"start":{"line":17,"column":34},"end":{"line":17,"column":54}}},"6":{"name":"(anonymous_6)","line":25,"loc":{"start":{"line":25,"column":40},"end":{"line":25,"column":61}}},"7":{"name":"(anonymous_7)","line":27,"loc":{"start":{"line":27,"column":26},"end":{"line":27,"column":46}}}},"statementMap":{"1":{"start":{"line":1,"column":0},"end":{"line":1,"column":11}},"2":{"start":{"line":2,"column":0},"end":{"line":2,"column":18}},"3":{"start":{"line":5,"column":0},"end":{"line":7,"column":2}},"4":{"start":{"line":6,"column":1},"end":{"line":6,"column":55}},"5":{"start":{"line":9,"column":0},"end":{"line":13,"column":2}},"6":{"start":{"line":10,"column":1},"end":{"line":12,"column":4}},"7":{"start":{"line":11,"column":2},"end":{"line":11,"column":32}},"8":{"start":{"line":15,"column":0},"end":{"line":23,"column":2}},"9":{"start":{"line":16,"column":1},"end":{"line":20,"column":2}},"10":{"start":{"line":17,"column":2},"end":{"line":19,"column":19}},"11":{"start":{"line":17,"column":55},"end":{"line":17,"column":66}},"12":{"start":{"line":18,"column":3},"end":{"line":18,"column":37}},"13":{"start":{"line":18,"column":25},"end":{"line":18,"column":36}},"14":{"start":{"line":19,"column":4},"end":{"line":19,"column":14}},"15":{"start":{"line":21,"column":1},"end":{"line":21,"column":27}},"16":{"start":{"line":22,"column":1},"end":{"line":22,"column":21}},"17":{"start":{"line":25,"column":0},"end":{"line":30,"column":2}},"18":{"start":{"line":26,"column":2},"end":{"line":26,"column":18}},"19":{"start":{"line":27,"column":2},"end":{"line":29,"column":4}},"20":{"start":{"line":28,"column":3},"end":{"line":28,"column":58}}},"branchMap":{}},"/Users/abhishet/projects/BattleShip/ship.js":{"path":"/Users/abhishet/projects/BattleShip/ship.js","s":{"1":1,"2":1,"3":0,"4":0,"5":1,"6":0,"7":0,"8":1,"9":0,"10":0,"11":1},"b":{"1":[0,0]},"f":{"1":0,"2":0,"3":0},"fnMap":{"1":{"name":"(anonymous_1)","line":2,"loc":{"start":{"line":2,"column":11},"end":{"line":2,"column":32}}},"2":{"name":"(anonymous_2)","line":7,"loc":{"start":{"line":7,"column":39},"end":{"line":7,"column":49}}},"3":{"name":"(anonymous_3)","line":12,"loc":{"start":{"line":12,"column":32},"end":{"line":12,"column":53}}}},"statementMap":{"1":{"start":{"line":1,"column":0},"end":{"line":1,"column":41}},"2":{"start":{"line":2,"column":0},"end":{"line":5,"column":2}},"3":{"start":{"line":3,"column":1},"end":{"line":3,"column":32}},"4":{"start":{"line":4,"column":1},"end":{"line":4,"column":62}},"5":{"start":{"line":7,"column":0},"end":{"line":10,"column":2}},"6":{"start":{"line":8,"column":1},"end":{"line":9,"column":19}},"7":{"start":{"line":9,"column":2},"end":{"line":9,"column":19}},"8":{"start":{"line":12,"column":0},"end":{"line":15,"column":2}},"9":{"start":{"line":13,"column":2},"end":{"line":13,"column":95}},"10":{"start":{"line":14,"column":2},"end":{"line":14,"column":31}},"11":{"start":{"line":18,"column":0},"end":{"line":18,"column":22}}},"branchMap":{"1":{"line":8,"type":"if","locations":[{"start":{"line":8,"column":1},"end":{"line":8,"column":1}},{"start":{"line":8,"column":1},"end":{"line":8,"column":1}}]}}},"/Users/abhishet/projects/BattleShip/Game.js":{"path":"/Users/abhishet/projects/BattleShip/Game.js","s":{"1":1,"2":1,"3":1,"4":0,"5":0,"6":1,"7":0,"8":1,"9":0,"10":0,"11":0,"12":1,"13":0,"14":0,"15":0,"16":0,"17":0,"18":1,"19":0,"20":0,"21":1,"22":0,"23":0,"24":1,"25":0,"26":0,"27":0,"28":0,"29":0,"30":0,"31":0,"32":0,"33":0,"34":0,"35":0,"36":0,"37":1,"38":0,"39":0,"40":0,"41":0,"42":0,"43":0,"44":0,"45":0,"46":0,"47":0,"48":0,"49":0,"50":0,"51":0,"52":0,"53":1,"54":0,"55":0,"56":1,"57":0,"58":0,"59":0,"60":0,"61":0,"62":0,"63":0,"64":0,"65":1,"66":0,"67":0,"68":1,"69":0,"70":0,"71":0,"72":1,"73":0,"74":0,"75":0,"76":0,"77":0,"78":0,"79":1,"80":0,"81":0,"82":1,"83":0,"84":0,"85":1,"86":0,"87":0,"88":0,"89":0,"90":1,"91":0,"92":0,"93":1,"94":0,"95":0,"96":1,"97":0,"98":0,"99":0,"100":1,"101":0,"102":0,"103":0,"104":0,"105":1,"106":0,"107":0,"108":1,"109":0,"110":0,"111":0,"112":0,"113":0,"114":1,"115":0,"116":0,"117":0,"118":0,"119":0,"120":1},"b":{"1":[0,0],"2":[0,0],"3":[0,0],"4":[0,0],"5":[0,0],"6":[0,0],"7":[0,0],"8":[0,0],"9":[0,0],"10":[0,0],"11":[0,0],"12":[0,0],"13":[0,0],"14":[0,0],"15":[0,0],"16":[0,0]},"f":{"1":0,"2":0,"3":0,"4":0,"5":0,"6":0,"7":0,"8":0,"9":0,"10":0,"11":0,"12":0,"13":0,"14":0,"15":0,"16":0,"17":0,"18":0,"19":0,"20":0,"21":0,"22":0,"23":0,"24":0,"25":0,"26":0,"27":0,"28":0,"29":0},"fnMap":{"1":{"name":"(anonymous_1)","line":4,"loc":{"start":{"line":4,"column":11},"end":{"line":4,"column":27}}},"2":{"name":"(anonymous_2)","line":9,"loc":{"start":{"line":9,"column":26},"end":{"line":9,"column":42}}},"3":{"name":"(anonymous_3)","line":13,"loc":{"start":{"line":13,"column":33},"end":{"line":13,"column":43}}},"4":{"name":"(anonymous_4)","line":14,"loc":{"start":{"line":14,"column":46},"end":{"line":14,"column":62}}},"5":{"name":"(anonymous_5)","line":20,"loc":{"start":{"line":20,"column":31},"end":{"line":20,"column":47}}},"6":{"name":"(anonymous_6)","line":22,"loc":{"start":{"line":22,"column":23},"end":{"line":22,"column":40}}},"7":{"name":"(anonymous_7)","line":29,"loc":{"start":{"line":29,"column":29},"end":{"line":29,"column":45}}},"8":{"name":"(anonymous_8)","line":34,"loc":{"start":{"line":34,"column":36},"end":{"line":34,"column":46}}},"9":{"name":"(anonymous_9)","line":35,"loc":{"start":{"line":35,"column":27},"end":{"line":35,"column":43}}},"10":{"name":"(anonymous_10)","line":40,"loc":{"start":{"line":40,"column":37},"end":{"line":40,"column":68}}},"11":{"name":"(anonymous_11)","line":57,"loc":{"start":{"line":57,"column":30},"end":{"line":57,"column":55}}},"12":{"name":"(anonymous_12)","line":80,"loc":{"start":{"line":80,"column":23},"end":{"line":80,"column":44}}},"13":{"name":"(anonymous_13)","line":85,"loc":{"start":{"line":85,"column":32},"end":{"line":85,"column":53}}},"14":{"name":"(anonymous_14)","line":87,"loc":{"start":{"line":87,"column":40},"end":{"line":87,"column":58}}},"15":{"name":"(anonymous_15)","line":97,"loc":{"start":{"line":97,"column":38},"end":{"line":97,"column":53}}},"16":{"name":"(anonymous_16)","line":102,"loc":{"start":{"line":102,"column":37},"end":{"line":102,"column":67}}},"17":{"name":"(anonymous_17)","line":108,"loc":{"start":{"line":108,"column":33},"end":{"line":108,"column":54}}},"18":{"name":"(anonymous_18)","line":118,"loc":{"start":{"line":118,"column":45},"end":{"line":118,"column":66}}},"19":{"name":"(anonymous_19)","line":123,"loc":{"start":{"line":123,"column":41},"end":{"line":123,"column":61}}},"20":{"name":"(anonymous_20)","line":128,"loc":{"start":{"line":128,"column":28},"end":{"line":128,"column":43}}},"21":{"name":"(anonymous_21)","line":135,"loc":{"start":{"line":135,"column":45},"end":{"line":135,"column":72}}},"22":{"name":"(anonymous_22)","line":140,"loc":{"start":{"line":140,"column":46},"end":{"line":140,"column":73}}},"23":{"name":"(anonymous_23)","line":145,"loc":{"start":{"line":145,"column":31},"end":{"line":145,"column":48}}},"24":{"name":"(anonymous_24)","line":158,"loc":{"start":{"line":158,"column":18},"end":{"line":158,"column":35}}},"25":{"name":"(anonymous_25)","line":160,"loc":{"start":{"line":160,"column":22},"end":{"line":160,"column":40}}},"26":{"name":"(anonymous_26)","line":166,"loc":{"start":{"line":166,"column":27},"end":{"line":166,"column":49}}},"27":{"name":"(anonymous_27)","line":167,"loc":{"start":{"line":167,"column":21},"end":{"line":167,"column":40}}},"28":{"name":"(anonymous_28)","line":172,"loc":{"start":{"line":172,"column":23},"end":{"line":172,"column":84}}},"29":{"name":"(anonymous_29)","line":182,"loc":{"start":{"line":182,"column":26},"end":{"line":182,"column":36}}}},"statementMap":{"1":{"start":{"line":1,"column":0},"end":{"line":1,"column":25}},"2":{"start":{"line":2,"column":0},"end":{"line":2,"column":29}},"3":{"start":{"line":4,"column":0},"end":{"line":7,"column":1}},"4":{"start":{"line":5,"column":1},"end":{"line":5,"column":18}},"5":{"start":{"line":6,"column":1},"end":{"line":6,"column":22}},"6":{"start":{"line":9,"column":0},"end":{"line":11,"column":2}},"7":{"start":{"line":10,"column":1},"end":{"line":10,"column":28}},"8":{"start":{"line":13,"column":0},"end":{"line":18,"column":2}},"9":{"start":{"line":14,"column":1},"end":{"line":16,"column":4}},"10":{"start":{"line":15,"column":2},"end":{"line":15,"column":24}},"11":{"start":{"line":17,"column":1},"end":{"line":17,"column":56}},"12":{"start":{"line":20,"column":0},"end":{"line":27,"column":2}},"13":{"start":{"line":21,"column":1},"end":{"line":21,"column":26}},"14":{"start":{"line":22,"column":1},"end":{"line":25,"column":4}},"15":{"start":{"line":23,"column":2},"end":{"line":24,"column":34}},"16":{"start":{"line":24,"column":3},"end":{"line":24,"column":34}},"17":{"start":{"line":26,"column":1},"end":{"line":26,"column":29}},"18":{"start":{"line":29,"column":0},"end":{"line":32,"column":2}},"19":{"start":{"line":30,"column":1},"end":{"line":30,"column":67}},"20":{"start":{"line":31,"column":1},"end":{"line":31,"column":29}},"21":{"start":{"line":34,"column":0},"end":{"line":38,"column":2}},"22":{"start":{"line":35,"column":1},"end":{"line":37,"column":4}},"23":{"start":{"line":36,"column":2},"end":{"line":36,"column":34}},"24":{"start":{"line":40,"column":0},"end":{"line":55,"column":2}},"25":{"start":{"line":41,"column":1},"end":{"line":41,"column":52}},"26":{"start":{"line":42,"column":1},"end":{"line":42,"column":21}},"27":{"start":{"line":43,"column":1},"end":{"line":48,"column":2}},"28":{"start":{"line":44,"column":2},"end":{"line":44,"column":40}},"29":{"start":{"line":45,"column":2},"end":{"line":46,"column":15}},"30":{"start":{"line":46,"column":3},"end":{"line":46,"column":15}},"31":{"start":{"line":47,"column":2},"end":{"line":47,"column":15}},"32":{"start":{"line":49,"column":1},"end":{"line":54,"column":2}},"33":{"start":{"line":50,"column":2},"end":{"line":50,"column":42}},"34":{"start":{"line":51,"column":2},"end":{"line":52,"column":15}},"35":{"start":{"line":52,"column":3},"end":{"line":52,"column":15}},"36":{"start":{"line":53,"column":2},"end":{"line":53,"column":15}},"37":{"start":{"line":57,"column":0},"end":{"line":78,"column":2}},"38":{"start":{"line":58,"column":1},"end":{"line":76,"column":2}},"39":{"start":{"line":59,"column":2},"end":{"line":66,"column":3}},"40":{"start":{"line":60,"column":3},"end":{"line":60,"column":59}},"41":{"start":{"line":61,"column":3},"end":{"line":61,"column":97}},"42":{"start":{"line":63,"column":7},"end":{"line":66,"column":3}},"43":{"start":{"line":64,"column":3},"end":{"line":64,"column":58}},"44":{"start":{"line":65,"column":3},"end":{"line":65,"column":117}},"45":{"start":{"line":67,"column":2},"end":{"line":69,"column":3}},"46":{"start":{"line":68,"column":4},"end":{"line":68,"column":53}},"47":{"start":{"line":70,"column":2},"end":{"line":70,"column":47}},"48":{"start":{"line":71,"column":2},"end":{"line":71,"column":84}},"49":{"start":{"line":72,"column":2},"end":{"line":74,"column":3}},"50":{"start":{"line":73,"column":3},"end":{"line":73,"column":43}},"51":{"start":{"line":75,"column":2},"end":{"line":75,"column":9}},"52":{"start":{"line":77,"column":1},"end":{"line":77,"column":47}},"53":{"start":{"line":80,"column":0},"end":{"line":83,"column":2}},"54":{"start":{"line":81,"column":1},"end":{"line":81,"column":42}},"55":{"start":{"line":82,"column":1},"end":{"line":82,"column":63}},"56":{"start":{"line":85,"column":0},"end":{"line":95,"column":1}},"57":{"start":{"line":86,"column":1},"end":{"line":86,"column":42}},"58":{"start":{"line":87,"column":1},"end":{"line":89,"column":4}},"59":{"start":{"line":88,"column":2},"end":{"line":88,"column":52}},"60":{"start":{"line":90,"column":1},"end":{"line":90,"column":97}},"61":{"start":{"line":91,"column":1},"end":{"line":91,"column":71}},"62":{"start":{"line":92,"column":1},"end":{"line":92,"column":40}},"63":{"start":{"line":93,"column":1},"end":{"line":94,"column":22}},"64":{"start":{"line":94,"column":2},"end":{"line":94,"column":22}},"65":{"start":{"line":97,"column":0},"end":{"line":100,"column":1}},"66":{"start":{"line":98,"column":1},"end":{"line":98,"column":42}},"67":{"start":{"line":99,"column":1},"end":{"line":99,"column":32}},"68":{"start":{"line":102,"column":0},"end":{"line":106,"column":1}},"69":{"start":{"line":103,"column":1},"end":{"line":103,"column":50}},"70":{"start":{"line":104,"column":1},"end":{"line":104,"column":36}},"71":{"start":{"line":105,"column":1},"end":{"line":105,"column":36}},"72":{"start":{"line":108,"column":0},"end":{"line":116,"column":2}},"73":{"start":{"line":109,"column":1},"end":{"line":109,"column":50}},"74":{"start":{"line":110,"column":1},"end":{"line":115,"column":32}},"75":{"start":{"line":111,"column":2},"end":{"line":111,"column":24}},"76":{"start":{"line":112,"column":2},"end":{"line":112,"column":31}},"77":{"start":{"line":113,"column":2},"end":{"line":113,"column":32}},"78":{"start":{"line":115,"column":6},"end":{"line":115,"column":32}},"79":{"start":{"line":118,"column":0},"end":{"line":121,"column":1}},"80":{"start":{"line":119,"column":1},"end":{"line":119,"column":50}},"81":{"start":{"line":120,"column":1},"end":{"line":120,"column":34}},"82":{"start":{"line":123,"column":0},"end":{"line":126,"column":1}},"83":{"start":{"line":124,"column":1},"end":{"line":124,"column":57}},"84":{"start":{"line":125,"column":1},"end":{"line":125,"column":52}},"85":{"start":{"line":128,"column":0},"end":{"line":133,"column":1}},"86":{"start":{"line":129,"column":1},"end":{"line":129,"column":46}},"87":{"start":{"line":130,"column":1},"end":{"line":130,"column":42}},"88":{"start":{"line":131,"column":1},"end":{"line":131,"column":28}},"89":{"start":{"line":132,"column":1},"end":{"line":132,"column":25}},"90":{"start":{"line":135,"column":0},"end":{"line":138,"column":1}},"91":{"start":{"line":136,"column":1},"end":{"line":136,"column":39}},"92":{"start":{"line":137,"column":1},"end":{"line":137,"column":31}},"93":{"start":{"line":140,"column":0},"end":{"line":143,"column":1}},"94":{"start":{"line":141,"column":1},"end":{"line":141,"column":39}},"95":{"start":{"line":142,"column":1},"end":{"line":142,"column":33}},"96":{"start":{"line":145,"column":0},"end":{"line":156,"column":1}},"97":{"start":{"line":146,"column":1},"end":{"line":146,"column":48}},"98":{"start":{"line":147,"column":1},"end":{"line":147,"column":44}},"99":{"start":{"line":148,"column":1},"end":{"line":155,"column":3}},"100":{"start":{"line":158,"column":0},"end":{"line":164,"column":1}},"101":{"start":{"line":159,"column":1},"end":{"line":159,"column":17}},"102":{"start":{"line":160,"column":1},"end":{"line":162,"column":3}},"103":{"start":{"line":161,"column":2},"end":{"line":161,"column":32}},"104":{"start":{"line":163,"column":1},"end":{"line":163,"column":15}},"105":{"start":{"line":166,"column":0},"end":{"line":170,"column":1}},"106":{"start":{"line":167,"column":1},"end":{"line":169,"column":3}},"107":{"start":{"line":168,"column":2},"end":{"line":168,"column":28}},"108":{"start":{"line":172,"column":0},"end":{"line":180,"column":2}},"109":{"start":{"line":173,"column":1},"end":{"line":173,"column":31}},"110":{"start":{"line":174,"column":1},"end":{"line":178,"column":2}},"111":{"start":{"line":175,"column":2},"end":{"line":176,"column":51}},"112":{"start":{"line":177,"column":2},"end":{"line":177,"column":50}},"113":{"start":{"line":179,"column":1},"end":{"line":179,"column":29}},"114":{"start":{"line":182,"column":0},"end":{"line":188,"column":2}},"115":{"start":{"line":183,"column":1},"end":{"line":183,"column":84}},"116":{"start":{"line":184,"column":1},"end":{"line":184,"column":83}},"117":{"start":{"line":185,"column":1},"end":{"line":185,"column":48}},"118":{"start":{"line":186,"column":1},"end":{"line":186,"column":115}},"119":{"start":{"line":187,"column":1},"end":{"line":187,"column":23}},"120":{"start":{"line":190,"column":0},"end":{"line":190,"column":22}}},"branchMap":{"1":{"line":17,"type":"binary-expr","locations":[{"start":{"line":17,"column":8},"end":{"line":17,"column":26}},{"start":{"line":17,"column":30},"end":{"line":17,"column":55}}]},"2":{"line":23,"type":"if","locations":[{"start":{"line":23,"column":2},"end":{"line":23,"column":2}},{"start":{"line":23,"column":2},"end":{"line":23,"column":2}}]},"3":{"line":43,"type":"if","locations":[{"start":{"line":43,"column":1},"end":{"line":43,"column":1}},{"start":{"line":43,"column":1},"end":{"line":43,"column":1}}]},"4":{"line":45,"type":"if","locations":[{"start":{"line":45,"column":2},"end":{"line":45,"column":2}},{"start":{"line":45,"column":2},"end":{"line":45,"column":2}}]},"5":{"line":49,"type":"if","locations":[{"start":{"line":49,"column":1},"end":{"line":49,"column":1}},{"start":{"line":49,"column":1},"end":{"line":49,"column":1}}]},"6":{"line":51,"type":"if","locations":[{"start":{"line":51,"column":2},"end":{"line":51,"column":2}},{"start":{"line":51,"column":2},"end":{"line":51,"column":2}}]},"7":{"line":58,"type":"if","locations":[{"start":{"line":58,"column":1},"end":{"line":58,"column":1}},{"start":{"line":58,"column":1},"end":{"line":58,"column":1}}]},"8":{"line":59,"type":"if","locations":[{"start":{"line":59,"column":2},"end":{"line":59,"column":2}},{"start":{"line":59,"column":2},"end":{"line":59,"column":2}}]},"9":{"line":63,"type":"if","locations":[{"start":{"line":63,"column":7},"end":{"line":63,"column":7}},{"start":{"line":63,"column":7},"end":{"line":63,"column":7}}]},"10":{"line":67,"type":"if","locations":[{"start":{"line":67,"column":2},"end":{"line":67,"column":2}},{"start":{"line":67,"column":2},"end":{"line":67,"column":2}}]},"11":{"line":72,"type":"if","locations":[{"start":{"line":72,"column":2},"end":{"line":72,"column":2}},{"start":{"line":72,"column":2},"end":{"line":72,"column":2}}]},"12":{"line":93,"type":"if","locations":[{"start":{"line":93,"column":1},"end":{"line":93,"column":1}},{"start":{"line":93,"column":1},"end":{"line":93,"column":1}}]},"13":{"line":110,"type":"if","locations":[{"start":{"line":110,"column":1},"end":{"line":110,"column":1}},{"start":{"line":110,"column":1},"end":{"line":110,"column":1}}]},"14":{"line":175,"type":"cond-expr","locations":[{"start":{"line":175,"column":61},"end":{"line":175,"column":121}},{"start":{"line":176,"column":12},"end":{"line":176,"column":49}}]},"15":{"line":183,"type":"cond-expr","locations":[{"start":{"line":183,"column":49},"end":{"line":183,"column":65}},{"start":{"line":183,"column":67},"end":{"line":183,"column":83}}]},"16":{"line":184,"type":"cond-expr","locations":[{"start":{"line":184,"column":48},"end":{"line":184,"column":64}},{"start":{"line":184,"column":66},"end":{"line":184,"column":82}}]}}},"/Users/abhishet/projects/BattleShip/grid.js":{"path":"/Users/abhishet/projects/BattleShip/grid.js","s":{"1":1,"2":0,"3":0,"4":0,"5":0,"6":0,"7":0,"8":0,"9":0,"10":0,"11":0,"12":0,"13":0,"14":1},"b":{},"f":{"1":0,"2":0,"3":0,"4":0},"fnMap":{"1":{"name":"(anonymous_1)","line":1,"loc":{"start":{"line":1,"column":11},"end":{"line":1,"column":22}}},"2":{"name":"makeArray","line":3,"loc":{"start":{"line":3,"column":34},"end":{"line":3,"column":54}}},"3":{"name":"(anonymous_3)","line":10,"loc":{"start":{"line":10,"column":20},"end":{"line":10,"column":41}}},"4":{"name":"(anonymous_4)","line":12,"loc":{"start":{"line":12,"column":26},"end":{"line":12,"column":46}}}},"statementMap":{"1":{"start":{"line":1,"column":0},"end":{"line":16,"column":2}},"2":{"start":{"line":2,"column":1},"end":{"line":6,"column":2}},"3":{"start":{"line":3,"column":2},"end":{"line":5,"column":19}},"4":{"start":{"line":3,"column":55},"end":{"line":3,"column":66}},"5":{"start":{"line":4,"column":3},"end":{"line":4,"column":37}},"6":{"start":{"line":4,"column":25},"end":{"line":4,"column":36}},"7":{"start":{"line":5,"column":4},"end":{"line":5,"column":14}},"8":{"start":{"line":7,"column":1},"end":{"line":7,"column":27}},"9":{"start":{"line":8,"column":1},"end":{"line":8,"column":21}},"10":{"start":{"line":10,"column":1},"end":{"line":15,"column":3}},"11":{"start":{"line":11,"column":2},"end":{"line":11,"column":18}},"12":{"start":{"line":12,"column":2},"end":{"line":14,"column":5}},"13":{"start":{"line":13,"column":3},"end":{"line":13,"column":58}},"14":{"start":{"line":18,"column":0},"end":{"line":18,"column":22}}},"branchMap":{}}}