{"/Users/shibik/projects/BattleShip/lib/battleShip.js":{"path":"/Users/shibik/projects/BattleShip/lib/battleShip.js","s":{"1":1,"2":1,"3":1,"4":1,"5":1,"6":9,"7":1,"8":9,"9":66},"b":{},"f":{"1":9,"2":9,"3":66},"fnMap":{"1":{"name":"(anonymous_1)","line":6,"loc":{"start":{"line":6,"column":12},"end":{"line":6,"column":53}}},"2":{"name":"(anonymous_2)","line":10,"loc":{"start":{"line":10,"column":46},"end":{"line":10,"column":84}}},"3":{"name":"(anonymous_3)","line":11,"loc":{"start":{"line":11,"column":35},"end":{"line":11,"column":55}}}},"statementMap":{"1":{"start":{"line":1,"column":0},"end":{"line":1,"column":11}},"2":{"start":{"line":2,"column":0},"end":{"line":2,"column":18}},"3":{"start":{"line":3,"column":0},"end":{"line":3,"column":33}},"4":{"start":{"line":4,"column":0},"end":{"line":4,"column":29}},"5":{"start":{"line":6,"column":0},"end":{"line":8,"column":2}},"6":{"start":{"line":7,"column":1},"end":{"line":7,"column":55}},"7":{"start":{"line":10,"column":0},"end":{"line":14,"column":2}},"8":{"start":{"line":11,"column":1},"end":{"line":13,"column":4}},"9":{"start":{"line":12,"column":2},"end":{"line":12,"column":32}}},"branchMap":{}},"/Users/shibik/projects/BattleShip/lib/player.js":{"path":"/Users/shibik/projects/BattleShip/lib/player.js","s":{"1":1,"2":1,"3":1,"4":12,"5":12,"6":12,"7":12,"8":12,"9":12,"10":12,"11":12,"12":1,"13":1,"14":1,"15":5,"16":3,"17":5,"18":4,"19":1,"20":6,"21":3,"22":3,"23":3,"24":0,"25":3,"26":3,"27":3,"28":1},"b":{"1":[4,1],"2":[3,3]},"f":{"1":12,"2":1,"3":5,"4":3,"5":6,"6":0},"fnMap":{"1":{"name":"(anonymous_1)","line":4,"loc":{"start":{"line":4,"column":13},"end":{"line":4,"column":32}}},"2":{"name":"(anonymous_2)","line":15,"loc":{"start":{"line":15,"column":28},"end":{"line":15,"column":43}}},"3":{"name":"(anonymous_3)","line":19,"loc":{"start":{"line":19,"column":36},"end":{"line":19,"column":46}}},"4":{"name":"(anonymous_4)","line":20,"loc":{"start":{"line":20,"column":43},"end":{"line":20,"column":61}}},"5":{"name":"(anonymous_5)","line":28,"loc":{"start":{"line":28,"column":32},"end":{"line":28,"column":53}}},"6":{"name":"(anonymous_6)","line":32,"loc":{"start":{"line":32,"column":21},"end":{"line":32,"column":35}}}},"statementMap":{"1":{"start":{"line":1,"column":0},"end":{"line":1,"column":41}},"2":{"start":{"line":2,"column":0},"end":{"line":2,"column":29}},"3":{"start":{"line":4,"column":0},"end":{"line":13,"column":2}},"4":{"start":{"line":5,"column":1},"end":{"line":5,"column":18}},"5":{"start":{"line":6,"column":1},"end":{"line":6,"column":18}},"6":{"start":{"line":7,"column":1},"end":{"line":7,"column":17}},"7":{"start":{"line":8,"column":1},"end":{"line":8,"column":18}},"8":{"start":{"line":9,"column":1},"end":{"line":9,"column":16}},"9":{"start":{"line":10,"column":1},"end":{"line":10,"column":21}},"10":{"start":{"line":11,"column":1},"end":{"line":11,"column":22}},"11":{"start":{"line":12,"column":1},"end":{"line":12,"column":19}},"12":{"start":{"line":15,"column":0},"end":{"line":17,"column":2}},"13":{"start":{"line":16,"column":1},"end":{"line":16,"column":23}},"14":{"start":{"line":19,"column":0},"end":{"line":26,"column":2}},"15":{"start":{"line":20,"column":1},"end":{"line":22,"column":4}},"16":{"start":{"line":21,"column":2},"end":{"line":21,"column":31}},"17":{"start":{"line":23,"column":1},"end":{"line":25,"column":2}},"18":{"start":{"line":24,"column":2},"end":{"line":24,"column":23}},"19":{"start":{"line":28,"column":0},"end":{"line":39,"column":2}},"20":{"start":{"line":29,"column":1},"end":{"line":37,"column":2}},"21":{"start":{"line":30,"column":2},"end":{"line":30,"column":113}},"22":{"start":{"line":31,"column":2},"end":{"line":31,"column":40}},"23":{"start":{"line":32,"column":2},"end":{"line":34,"column":5}},"24":{"start":{"line":33,"column":3},"end":{"line":33,"column":36}},"25":{"start":{"line":35,"column":2},"end":{"line":35,"column":26}},"26":{"start":{"line":36,"column":2},"end":{"line":36,"column":11}},"27":{"start":{"line":38,"column":1},"end":{"line":38,"column":10}},"28":{"start":{"line":41,"column":0},"end":{"line":41,"column":24}}},"branchMap":{"1":{"line":23,"type":"if","locations":[{"start":{"line":23,"column":1},"end":{"line":23,"column":1}},{"start":{"line":23,"column":1},"end":{"line":23,"column":1}}]},"2":{"line":29,"type":"if","locations":[{"start":{"line":29,"column":1},"end":{"line":29,"column":1}},{"start":{"line":29,"column":1},"end":{"line":29,"column":1}}]}}},"/Users/shibik/projects/BattleShip/lib/ship.js":{"path":"/Users/shibik/projects/BattleShip/lib/ship.js","s":{"1":1,"2":1,"3":8,"4":8,"5":1,"6":6,"7":3,"8":1,"9":4,"10":4,"11":1},"b":{"1":[3,3]},"f":{"1":8,"2":6,"3":4},"fnMap":{"1":{"name":"(anonymous_1)","line":3,"loc":{"start":{"line":3,"column":11},"end":{"line":3,"column":32}}},"2":{"name":"(anonymous_2)","line":8,"loc":{"start":{"line":8,"column":39},"end":{"line":8,"column":49}}},"3":{"name":"(anonymous_3)","line":13,"loc":{"start":{"line":13,"column":32},"end":{"line":13,"column":53}}}},"statementMap":{"1":{"start":{"line":1,"column":0},"end":{"line":1,"column":41}},"2":{"start":{"line":3,"column":0},"end":{"line":6,"column":2}},"3":{"start":{"line":4,"column":1},"end":{"line":4,"column":32}},"4":{"start":{"line":5,"column":1},"end":{"line":5,"column":63}},"5":{"start":{"line":8,"column":0},"end":{"line":11,"column":2}},"6":{"start":{"line":9,"column":1},"end":{"line":10,"column":19}},"7":{"start":{"line":10,"column":2},"end":{"line":10,"column":19}},"8":{"start":{"line":13,"column":0},"end":{"line":16,"column":2}},"9":{"start":{"line":14,"column":1},"end":{"line":14,"column":94}},"10":{"start":{"line":15,"column":1},"end":{"line":15,"column":30}},"11":{"start":{"line":18,"column":0},"end":{"line":18,"column":22}}},"branchMap":{"1":{"line":9,"type":"if","locations":[{"start":{"line":9,"column":1},"end":{"line":9,"column":1}},{"start":{"line":9,"column":1},"end":{"line":9,"column":1}}]}}},"/Users/shibik/projects/BattleShip/lib/grid.js":{"path":"/Users/shibik/projects/BattleShip/lib/grid.js","s":{"1":1,"2":3,"3":30,"4":30,"5":30,"6":300,"7":30,"8":3,"9":3,"10":3,"11":2,"12":2,"13":4,"14":1,"15":1},"b":{},"f":{"1":3,"2":30,"3":2,"4":4},"fnMap":{"1":{"name":"(anonymous_1)","line":1,"loc":{"start":{"line":1,"column":11},"end":{"line":1,"column":22}}},"2":{"name":"makeArray","line":3,"loc":{"start":{"line":3,"column":34},"end":{"line":3,"column":54}}},"3":{"name":"(anonymous_3)","line":10,"loc":{"start":{"line":10,"column":20},"end":{"line":10,"column":41}}},"4":{"name":"(anonymous_4)","line":12,"loc":{"start":{"line":12,"column":26},"end":{"line":12,"column":46}}}},"statementMap":{"1":{"start":{"line":1,"column":0},"end":{"line":16,"column":2}},"2":{"start":{"line":2,"column":1},"end":{"line":6,"column":2}},"3":{"start":{"line":3,"column":2},"end":{"line":5,"column":19}},"4":{"start":{"line":3,"column":55},"end":{"line":3,"column":66}},"5":{"start":{"line":4,"column":3},"end":{"line":4,"column":37}},"6":{"start":{"line":4,"column":25},"end":{"line":4,"column":36}},"7":{"start":{"line":5,"column":4},"end":{"line":5,"column":14}},"8":{"start":{"line":7,"column":1},"end":{"line":7,"column":27}},"9":{"start":{"line":8,"column":1},"end":{"line":8,"column":21}},"10":{"start":{"line":10,"column":1},"end":{"line":15,"column":3}},"11":{"start":{"line":11,"column":2},"end":{"line":11,"column":18}},"12":{"start":{"line":12,"column":2},"end":{"line":14,"column":5}},"13":{"start":{"line":13,"column":3},"end":{"line":13,"column":58}},"14":{"start":{"line":18,"column":0},"end":{"line":18,"column":22}},"15":{"start":{"line":20,"column":0},"end":{"line":20,"column":22}}},"branchMap":{}},"/Users/shibik/projects/BattleShip/lib/controller.js":{"path":"/Users/shibik/projects/BattleShip/lib/controller.js","s":{"1":1,"2":1,"3":1,"4":1,"5":1,"6":1,"7":1,"8":1,"9":1,"10":8,"11":1,"12":0,"13":0,"14":0,"15":1,"16":0,"17":0,"18":0,"19":1,"20":1,"21":1,"22":1,"23":1,"24":1,"25":1,"26":1,"27":0,"28":0,"29":0,"30":0,"31":0,"32":0,"33":0,"34":1,"35":0,"36":0,"37":0,"38":1,"39":0,"40":0,"41":1,"42":1,"43":1,"44":1,"45":0,"46":0,"47":0,"48":1,"49":0,"50":0,"51":0,"52":1,"53":1,"54":1,"55":1,"56":2,"57":2,"58":2,"59":2,"60":0,"61":0,"62":2,"63":1,"64":1,"65":1,"66":1,"67":1,"68":1,"69":2,"70":2,"71":1,"72":1,"73":1,"74":1,"75":1,"76":1,"77":1,"78":1,"79":1,"80":1,"81":0,"82":1,"83":1,"84":0,"85":1,"86":0,"87":1,"88":0,"89":0,"90":1,"91":0,"92":0,"93":1,"94":1},"b":{"1":[0,0],"2":[0,0],"3":[0,2],"4":[1,1],"5":[0,1],"6":[0,0],"7":[0,0]},"f":{"1":8,"2":0,"3":0,"4":1,"5":0,"6":0,"7":0,"8":1,"9":0,"10":0,"11":1,"12":2,"13":1,"14":1,"15":0,"16":0,"17":0,"18":0},"fnMap":{"1":{"name":"(anonymous_1)","line":10,"loc":{"start":{"line":10,"column":20},"end":{"line":10,"column":38}}},"2":{"name":"(anonymous_2)","line":14,"loc":{"start":{"line":14,"column":33},"end":{"line":14,"column":56}}},"3":{"name":"(anonymous_3)","line":21,"loc":{"start":{"line":21,"column":16},"end":{"line":21,"column":34}}},"4":{"name":"(anonymous_4)","line":40,"loc":{"start":{"line":40,"column":12},"end":{"line":40,"column":29}}},"5":{"name":"(anonymous_5)","line":45,"loc":{"start":{"line":45,"column":18},"end":{"line":45,"column":35}}},"6":{"name":"(anonymous_6)","line":56,"loc":{"start":{"line":56,"column":17},"end":{"line":56,"column":34}}},"7":{"name":"(anonymous_7)","line":62,"loc":{"start":{"line":62,"column":26},"end":{"line":62,"column":43}}},"8":{"name":"(anonymous_8)","line":67,"loc":{"start":{"line":67,"column":21},"end":{"line":67,"column":38}}},"9":{"name":"(anonymous_9)","line":71,"loc":{"start":{"line":71,"column":20},"end":{"line":71,"column":37}}},"10":{"name":"(anonymous_10)","line":76,"loc":{"start":{"line":76,"column":21},"end":{"line":76,"column":38}}},"11":{"name":"(anonymous_11)","line":81,"loc":{"start":{"line":81,"column":21},"end":{"line":81,"column":38}}},"12":{"name":"(anonymous_12)","line":86,"loc":{"start":{"line":86,"column":19},"end":{"line":86,"column":36}}},"13":{"name":"(anonymous_13)","line":108,"loc":{"start":{"line":108,"column":24},"end":{"line":108,"column":41}}},"14":{"name":"(anonymous_14)","line":125,"loc":{"start":{"line":125,"column":20},"end":{"line":125,"column":37}}},"15":{"name":"(anonymous_15)","line":133,"loc":{"start":{"line":133,"column":21},"end":{"line":133,"column":38}}},"16":{"name":"(anonymous_16)","line":137,"loc":{"start":{"line":137,"column":29},"end":{"line":137,"column":46}}},"17":{"name":"(anonymous_17)","line":142,"loc":{"start":{"line":142,"column":17},"end":{"line":142,"column":47}}},"18":{"name":"(anonymous_18)","line":148,"loc":{"start":{"line":148,"column":25},"end":{"line":148,"column":55}}}},"statementMap":{"1":{"start":{"line":1,"column":0},"end":{"line":1,"column":33}},"2":{"start":{"line":2,"column":0},"end":{"line":2,"column":20}},"3":{"start":{"line":3,"column":0},"end":{"line":3,"column":40}},"4":{"start":{"line":4,"column":0},"end":{"line":4,"column":44}},"5":{"start":{"line":5,"column":0},"end":{"line":5,"column":40}},"6":{"start":{"line":6,"column":0},"end":{"line":6,"column":30}},"7":{"start":{"line":7,"column":0},"end":{"line":7,"column":30}},"8":{"start":{"line":8,"column":0},"end":{"line":8,"column":28}},"9":{"start":{"line":10,"column":0},"end":{"line":12,"column":2}},"10":{"start":{"line":11,"column":1},"end":{"line":11,"column":25}},"11":{"start":{"line":14,"column":0},"end":{"line":18,"column":2}},"12":{"start":{"line":15,"column":1},"end":{"line":15,"column":65}},"13":{"start":{"line":16,"column":1},"end":{"line":16,"column":47}},"14":{"start":{"line":17,"column":1},"end":{"line":17,"column":8}},"15":{"start":{"line":21,"column":0},"end":{"line":26,"column":2}},"16":{"start":{"line":22,"column":1},"end":{"line":25,"column":64}},"17":{"start":{"line":23,"column":2},"end":{"line":23,"column":29}},"18":{"start":{"line":25,"column":2},"end":{"line":25,"column":64}},"19":{"start":{"line":29,"column":0},"end":{"line":29,"column":30}},"20":{"start":{"line":34,"column":0},"end":{"line":34,"column":49}},"21":{"start":{"line":35,"column":0},"end":{"line":35,"column":24}},"22":{"start":{"line":36,"column":0},"end":{"line":36,"column":45}},"23":{"start":{"line":37,"column":0},"end":{"line":37,"column":36}},"24":{"start":{"line":40,"column":0},"end":{"line":42,"column":3}},"25":{"start":{"line":41,"column":1},"end":{"line":41,"column":49}},"26":{"start":{"line":45,"column":0},"end":{"line":54,"column":3}},"27":{"start":{"line":46,"column":1},"end":{"line":49,"column":90}},"28":{"start":{"line":47,"column":2},"end":{"line":47,"column":56}},"29":{"start":{"line":49,"column":2},"end":{"line":49,"column":90}},"30":{"start":{"line":50,"column":1},"end":{"line":50,"column":33}},"31":{"start":{"line":51,"column":1},"end":{"line":51,"column":34}},"32":{"start":{"line":52,"column":1},"end":{"line":52,"column":29}},"33":{"start":{"line":53,"column":1},"end":{"line":53,"column":77}},"34":{"start":{"line":56,"column":0},"end":{"line":60,"column":3}},"35":{"start":{"line":57,"column":1},"end":{"line":57,"column":29}},"36":{"start":{"line":58,"column":1},"end":{"line":58,"column":33}},"37":{"start":{"line":59,"column":1},"end":{"line":59,"column":68}},"38":{"start":{"line":62,"column":0},"end":{"line":65,"column":3}},"39":{"start":{"line":63,"column":1},"end":{"line":63,"column":65}},"40":{"start":{"line":64,"column":1},"end":{"line":64,"column":58}},"41":{"start":{"line":67,"column":0},"end":{"line":70,"column":3}},"42":{"start":{"line":68,"column":1},"end":{"line":68,"column":65}},"43":{"start":{"line":69,"column":1},"end":{"line":69,"column":45}},"44":{"start":{"line":71,"column":0},"end":{"line":75,"column":3}},"45":{"start":{"line":72,"column":1},"end":{"line":72,"column":29}},"46":{"start":{"line":73,"column":1},"end":{"line":73,"column":33}},"47":{"start":{"line":74,"column":1},"end":{"line":74,"column":58}},"48":{"start":{"line":76,"column":0},"end":{"line":80,"column":2}},"49":{"start":{"line":77,"column":1},"end":{"line":77,"column":29}},"50":{"start":{"line":78,"column":1},"end":{"line":78,"column":33}},"51":{"start":{"line":79,"column":1},"end":{"line":79,"column":60}},"52":{"start":{"line":81,"column":0},"end":{"line":84,"column":3}},"53":{"start":{"line":82,"column":1},"end":{"line":82,"column":65}},"54":{"start":{"line":83,"column":1},"end":{"line":83,"column":53}},"55":{"start":{"line":86,"column":0},"end":{"line":106,"column":3}},"56":{"start":{"line":87,"column":1},"end":{"line":87,"column":36}},"57":{"start":{"line":88,"column":1},"end":{"line":88,"column":35}},"58":{"start":{"line":89,"column":1},"end":{"line":89,"column":65}},"59":{"start":{"line":90,"column":1},"end":{"line":93,"column":2}},"60":{"start":{"line":91,"column":2},"end":{"line":91,"column":17}},"61":{"start":{"line":92,"column":2},"end":{"line":92,"column":9}},"62":{"start":{"line":94,"column":1},"end":{"line":103,"column":2}},"63":{"start":{"line":95,"column":2},"end":{"line":95,"column":48}},"64":{"start":{"line":96,"column":2},"end":{"line":96,"column":39}},"65":{"start":{"line":97,"column":2},"end":{"line":97,"column":61}},"66":{"start":{"line":98,"column":2},"end":{"line":98,"column":16}},"67":{"start":{"line":101,"column":2},"end":{"line":101,"column":62}},"68":{"start":{"line":102,"column":2},"end":{"line":102,"column":16}},"69":{"start":{"line":104,"column":1},"end":{"line":104,"column":41}},"70":{"start":{"line":105,"column":1},"end":{"line":105,"column":29}},"71":{"start":{"line":108,"column":0},"end":{"line":121,"column":3}},"72":{"start":{"line":109,"column":1},"end":{"line":109,"column":17}},"73":{"start":{"line":110,"column":1},"end":{"line":110,"column":65}},"74":{"start":{"line":111,"column":1},"end":{"line":111,"column":51}},"75":{"start":{"line":112,"column":1},"end":{"line":119,"column":2}},"76":{"start":{"line":120,"column":1},"end":{"line":120,"column":18}},"77":{"start":{"line":125,"column":0},"end":{"line":131,"column":3}},"78":{"start":{"line":126,"column":1},"end":{"line":126,"column":65}},"79":{"start":{"line":127,"column":1},"end":{"line":127,"column":28}},"80":{"start":{"line":128,"column":1},"end":{"line":129,"column":39}},"81":{"start":{"line":129,"column":2},"end":{"line":129,"column":39}},"82":{"start":{"line":130,"column":1},"end":{"line":130,"column":16}},"83":{"start":{"line":133,"column":0},"end":{"line":135,"column":3}},"84":{"start":{"line":134,"column":1},"end":{"line":134,"column":22}},"85":{"start":{"line":137,"column":0},"end":{"line":139,"column":3}},"86":{"start":{"line":138,"column":1},"end":{"line":138,"column":30}},"87":{"start":{"line":142,"column":0},"end":{"line":146,"column":3}},"88":{"start":{"line":143,"column":1},"end":{"line":145,"column":2}},"89":{"start":{"line":144,"column":3},"end":{"line":144,"column":25}},"90":{"start":{"line":148,"column":0},"end":{"line":152,"column":3}},"91":{"start":{"line":149,"column":1},"end":{"line":151,"column":2}},"92":{"start":{"line":150,"column":3},"end":{"line":150,"column":25}},"93":{"start":{"line":154,"column":0},"end":{"line":154,"column":29}},"94":{"start":{"line":156,"column":0},"end":{"line":156,"column":21}}},"branchMap":{"1":{"line":22,"type":"if","locations":[{"start":{"line":22,"column":1},"end":{"line":22,"column":1}},{"start":{"line":22,"column":1},"end":{"line":22,"column":1}}]},"2":{"line":46,"type":"if","locations":[{"start":{"line":46,"column":1},"end":{"line":46,"column":1}},{"start":{"line":46,"column":1},"end":{"line":46,"column":1}}]},"3":{"line":90,"type":"if","locations":[{"start":{"line":90,"column":1},"end":{"line":90,"column":1}},{"start":{"line":90,"column":1},"end":{"line":90,"column":1}}]},"4":{"line":94,"type":"if","locations":[{"start":{"line":94,"column":1},"end":{"line":94,"column":1}},{"start":{"line":94,"column":1},"end":{"line":94,"column":1}}]},"5":{"line":128,"type":"if","locations":[{"start":{"line":128,"column":1},"end":{"line":128,"column":1}},{"start":{"line":128,"column":1},"end":{"line":128,"column":1}}]},"6":{"line":143,"type":"if","locations":[{"start":{"line":143,"column":1},"end":{"line":143,"column":1}},{"start":{"line":143,"column":1},"end":{"line":143,"column":1}}]},"7":{"line":149,"type":"if","locations":[{"start":{"line":149,"column":1},"end":{"line":149,"column":1}},{"start":{"line":149,"column":1},"end":{"line":149,"column":1}}]}}},"/Users/shibik/projects/BattleShip/lib/observer.js":{"path":"/Users/shibik/projects/BattleShip/lib/observer.js","s":{"1":1,"2":1,"3":1,"4":1,"5":1,"6":8,"7":8,"8":8,"9":8,"10":4,"11":4,"12":8,"13":8,"14":8,"15":8,"16":8,"17":4,"18":4,"19":1,"20":3,"21":1,"22":2,"23":2,"24":2,"25":8,"26":5,"27":5,"28":2,"29":3,"30":3,"31":3,"32":8,"33":5,"34":5,"35":5,"36":4,"37":8,"38":2,"39":2,"40":1,"41":1,"42":1,"43":1,"44":1,"45":1},"b":{"1":[1,3],"2":[4,2],"3":[1,2],"4":[3,1],"5":[2,3],"6":[5,4],"7":[1,1]},"f":{"1":8,"2":4,"3":8,"4":4,"5":5,"6":5,"7":4,"8":2},"fnMap":{"1":{"name":"(anonymous_1)","line":6,"loc":{"start":{"line":6,"column":15},"end":{"line":6,"column":26}}},"2":{"name":"(anonymous_2)","line":11,"loc":{"start":{"line":11,"column":23},"end":{"line":11,"column":39}}},"3":{"name":"(anonymous_3)","line":15,"loc":{"start":{"line":15,"column":16},"end":{"line":15,"column":27}}},"4":{"name":"(anonymous_4)","line":20,"loc":{"start":{"line":20,"column":37},"end":{"line":20,"column":64}}},"5":{"name":"(anonymous_5)","line":33,"loc":{"start":{"line":33,"column":23},"end":{"line":33,"column":43}}},"6":{"name":"(anonymous_6)","line":44,"loc":{"start":{"line":44,"column":28},"end":{"line":44,"column":45}}},"7":{"name":"(anonymous_7)","line":47,"loc":{"start":{"line":47,"column":25},"end":{"line":47,"column":39}}},"8":{"name":"(anonymous_8)","line":51,"loc":{"start":{"line":51,"column":19},"end":{"line":51,"column":33}}}},"statementMap":{"1":{"start":{"line":1,"column":0},"end":{"line":1,"column":33}},"2":{"start":{"line":2,"column":0},"end":{"line":2,"column":25}},"3":{"start":{"line":3,"column":0},"end":{"line":3,"column":34}},"4":{"start":{"line":4,"column":0},"end":{"line":4,"column":37}},"5":{"start":{"line":6,"column":0},"end":{"line":64,"column":2}},"6":{"start":{"line":7,"column":1},"end":{"line":7,"column":17}},"7":{"start":{"line":8,"column":1},"end":{"line":8,"column":24}},"8":{"start":{"line":9,"column":1},"end":{"line":9,"column":18}},"9":{"start":{"line":11,"column":1},"end":{"line":14,"column":3}},"10":{"start":{"line":12,"column":2},"end":{"line":12,"column":18}},"11":{"start":{"line":13,"column":2},"end":{"line":13,"column":43}},"12":{"start":{"line":15,"column":1},"end":{"line":19,"column":3}},"13":{"start":{"line":16,"column":2},"end":{"line":16,"column":18}},"14":{"start":{"line":17,"column":2},"end":{"line":17,"column":42}},"15":{"start":{"line":18,"column":2},"end":{"line":18,"column":17}},"16":{"start":{"line":20,"column":1},"end":{"line":32,"column":3}},"17":{"start":{"line":21,"column":2},"end":{"line":21,"column":53}},"18":{"start":{"line":22,"column":2},"end":{"line":23,"column":34}},"19":{"start":{"line":23,"column":3},"end":{"line":23,"column":34}},"20":{"start":{"line":24,"column":2},"end":{"line":31,"column":3}},"21":{"start":{"line":25,"column":3},"end":{"line":25,"column":48}},"22":{"start":{"line":28,"column":3},"end":{"line":28,"column":31}},"23":{"start":{"line":29,"column":3},"end":{"line":29,"column":38}},"24":{"start":{"line":30,"column":3},"end":{"line":30,"column":67}},"25":{"start":{"line":33,"column":1},"end":{"line":43,"column":3}},"26":{"start":{"line":34,"column":2},"end":{"line":34,"column":52}},"27":{"start":{"line":35,"column":2},"end":{"line":42,"column":3}},"28":{"start":{"line":36,"column":3},"end":{"line":36,"column":48}},"29":{"start":{"line":39,"column":3},"end":{"line":39,"column":18}},"30":{"start":{"line":40,"column":3},"end":{"line":40,"column":38}},"31":{"start":{"line":41,"column":3},"end":{"line":41,"column":53}},"32":{"start":{"line":44,"column":1},"end":{"line":50,"column":3}},"33":{"start":{"line":45,"column":2},"end":{"line":45,"column":18}},"34":{"start":{"line":46,"column":2},"end":{"line":46,"column":54}},"35":{"start":{"line":47,"column":2},"end":{"line":49,"column":5}},"36":{"start":{"line":48,"column":3},"end":{"line":48,"column":32}},"37":{"start":{"line":51,"column":1},"end":{"line":63,"column":3}},"38":{"start":{"line":52,"column":2},"end":{"line":52,"column":12}},"39":{"start":{"line":53,"column":2},"end":{"line":61,"column":3}},"40":{"start":{"line":54,"column":3},"end":{"line":54,"column":34}},"41":{"start":{"line":55,"column":3},"end":{"line":55,"column":30}},"42":{"start":{"line":56,"column":3},"end":{"line":56,"column":10}},"43":{"start":{"line":59,"column":3},"end":{"line":59,"column":41}},"44":{"start":{"line":60,"column":3},"end":{"line":60,"column":37}},"45":{"start":{"line":65,"column":0},"end":{"line":65,"column":25}}},"branchMap":{"1":{"line":22,"type":"if","locations":[{"start":{"line":22,"column":2},"end":{"line":22,"column":2}},{"start":{"line":22,"column":2},"end":{"line":22,"column":2}}]},"2":{"line":22,"type":"binary-expr","locations":[{"start":{"line":22,"column":5},"end":{"line":22,"column":16}},{"start":{"line":22,"column":20},"end":{"line":22,"column":52}}]},"3":{"line":24,"type":"if","locations":[{"start":{"line":24,"column":2},"end":{"line":24,"column":2}},{"start":{"line":24,"column":2},"end":{"line":24,"column":2}}]},"4":{"line":24,"type":"binary-expr","locations":[{"start":{"line":24,"column":5},"end":{"line":24,"column":16}},{"start":{"line":24,"column":20},"end":{"line":24,"column":51}}]},"5":{"line":35,"type":"if","locations":[{"start":{"line":35,"column":2},"end":{"line":35,"column":2}},{"start":{"line":35,"column":2},"end":{"line":35,"column":2}}]},"6":{"line":35,"type":"binary-expr","locations":[{"start":{"line":35,"column":5},"end":{"line":35,"column":16}},{"start":{"line":35,"column":20},"end":{"line":35,"column":51}}]},"7":{"line":53,"type":"if","locations":[{"start":{"line":53,"column":2},"end":{"line":53,"column":2}},{"start":{"line":53,"column":2},"end":{"line":53,"column":2}}]}}},"/Users/shibik/projects/BattleShip/lib/Game.js":{"path":"/Users/shibik/projects/BattleShip/lib/Game.js","s":{"1":1,"2":1,"3":1,"4":1,"5":1,"6":37,"7":37,"8":37,"9":37,"10":1,"11":48,"12":1,"13":8,"14":1,"15":1,"16":1,"17":1,"18":5,"19":8,"20":5,"21":1,"22":34,"23":34,"24":56,"25":34,"26":34,"27":1,"28":17,"29":17,"30":1,"31":2,"32":4,"33":1,"34":12,"35":12,"36":12,"37":8,"38":8,"39":5,"40":3,"41":4,"42":4,"43":4,"44":3,"45":1,"46":1,"47":8,"48":6,"49":4,"50":4,"51":2,"52":2,"53":2,"54":6,"55":2,"56":4,"57":4,"58":4,"59":0,"60":4,"61":2,"62":1,"63":3,"64":3,"65":1,"66":2,"67":2,"68":2,"69":2,"70":2,"71":2,"72":2,"73":0,"74":1,"75":2,"76":2,"77":1,"78":4,"79":4,"80":2,"81":1,"82":0,"83":0,"84":0,"85":0,"86":0,"87":0,"88":0,"89":0,"90":1,"91":1,"92":1,"93":1,"94":1,"95":1,"96":1,"97":2,"98":2,"99":2,"100":2,"101":1,"102":1,"103":1,"104":1,"105":1,"106":1,"107":1,"108":1,"109":1,"110":1,"111":1,"112":4,"113":4,"114":7,"115":4,"116":1,"117":6,"118":24,"119":1,"120":8,"121":8,"122":27,"123":27,"124":8,"125":1,"126":1,"127":1,"128":1,"129":1,"130":1,"131":1,"132":1,"133":1,"134":1,"135":1,"136":1},"b":{"1":[5,3],"2":[34,22],"3":[8,4],"4":[5,3],"5":[4,0],"6":[3,1],"7":[6,2],"8":[4,2],"9":[2,0],"10":[2,4],"11":[0,4],"12":[0,2],"13":[0,0],"14":[0,0],"15":[21,6],"16":[1,0],"17":[1,0],"18":[1,0]},"f":{"1":37,"2":48,"3":8,"4":1,"5":5,"6":8,"7":34,"8":56,"9":17,"10":2,"11":4,"12":12,"13":8,"14":3,"15":2,"16":2,"17":2,"18":4,"19":0,"20":1,"21":1,"22":2,"23":1,"24":1,"25":1,"26":4,"27":7,"28":6,"29":24,"30":8,"31":1},"fnMap":{"1":{"name":"(anonymous_1)","line":6,"loc":{"start":{"line":6,"column":11},"end":{"line":6,"column":27}}},"2":{"name":"(anonymous_2)","line":13,"loc":{"start":{"line":13,"column":26},"end":{"line":13,"column":42}}},"3":{"name":"(anonymous_3)","line":17,"loc":{"start":{"line":17,"column":33},"end":{"line":17,"column":43}}},"4":{"name":"(anonymous_4)","line":21,"loc":{"start":{"line":21,"column":35},"end":{"line":21,"column":55}}},"5":{"name":"(anonymous_5)","line":26,"loc":{"start":{"line":26,"column":33},"end":{"line":26,"column":43}}},"6":{"name":"(anonymous_6)","line":27,"loc":{"start":{"line":27,"column":46},"end":{"line":27,"column":62}}},"7":{"name":"(anonymous_7)","line":33,"loc":{"start":{"line":33,"column":32},"end":{"line":33,"column":48}}},"8":{"name":"(anonymous_8)","line":35,"loc":{"start":{"line":35,"column":23},"end":{"line":35,"column":40}}},"9":{"name":"(anonymous_9)","line":42,"loc":{"start":{"line":42,"column":30},"end":{"line":42,"column":46}}},"10":{"name":"(anonymous_10)","line":47,"loc":{"start":{"line":47,"column":36},"end":{"line":47,"column":46}}},"11":{"name":"(anonymous_11)","line":48,"loc":{"start":{"line":48,"column":27},"end":{"line":48,"column":43}}},"12":{"name":"(anonymous_12)","line":53,"loc":{"start":{"line":53,"column":37},"end":{"line":53,"column":68}}},"13":{"name":"(anonymous_13)","line":70,"loc":{"start":{"line":70,"column":30},"end":{"line":70,"column":55}}},"14":{"name":"(anonymous_14)","line":93,"loc":{"start":{"line":93,"column":23},"end":{"line":93,"column":44}}},"15":{"name":"(anonymous_15)","line":98,"loc":{"start":{"line":98,"column":32},"end":{"line":98,"column":53}}},"16":{"name":"(anonymous_16)","line":100,"loc":{"start":{"line":100,"column":40},"end":{"line":100,"column":58}}},"17":{"name":"(anonymous_17)","line":110,"loc":{"start":{"line":110,"column":38},"end":{"line":110,"column":53}}},"18":{"name":"(anonymous_18)","line":115,"loc":{"start":{"line":115,"column":37},"end":{"line":115,"column":67}}},"19":{"name":"(anonymous_19)","line":121,"loc":{"start":{"line":121,"column":33},"end":{"line":121,"column":54}}},"20":{"name":"(anonymous_20)","line":134,"loc":{"start":{"line":134,"column":45},"end":{"line":134,"column":66}}},"21":{"name":"(anonymous_21)","line":139,"loc":{"start":{"line":139,"column":41},"end":{"line":139,"column":61}}},"22":{"name":"(anonymous_22)","line":144,"loc":{"start":{"line":144,"column":28},"end":{"line":144,"column":43}}},"23":{"name":"(anonymous_23)","line":151,"loc":{"start":{"line":151,"column":45},"end":{"line":151,"column":72}}},"24":{"name":"(anonymous_24)","line":156,"loc":{"start":{"line":156,"column":46},"end":{"line":156,"column":73}}},"25":{"name":"(anonymous_25)","line":161,"loc":{"start":{"line":161,"column":31},"end":{"line":161,"column":48}}},"26":{"name":"(anonymous_26)","line":174,"loc":{"start":{"line":174,"column":18},"end":{"line":174,"column":35}}},"27":{"name":"(anonymous_27)","line":176,"loc":{"start":{"line":176,"column":22},"end":{"line":176,"column":40}}},"28":{"name":"(anonymous_28)","line":182,"loc":{"start":{"line":182,"column":27},"end":{"line":182,"column":49}}},"29":{"name":"(anonymous_29)","line":183,"loc":{"start":{"line":183,"column":21},"end":{"line":183,"column":40}}},"30":{"name":"(anonymous_30)","line":188,"loc":{"start":{"line":188,"column":23},"end":{"line":188,"column":84}}},"31":{"name":"(anonymous_31)","line":198,"loc":{"start":{"line":198,"column":26},"end":{"line":198,"column":36}}}},"statementMap":{"1":{"start":{"line":1,"column":0},"end":{"line":1,"column":26}},"2":{"start":{"line":2,"column":0},"end":{"line":2,"column":29}},"3":{"start":{"line":3,"column":0},"end":{"line":3,"column":25}},"4":{"start":{"line":4,"column":0},"end":{"line":4,"column":13}},"5":{"start":{"line":6,"column":0},"end":{"line":11,"column":2}},"6":{"start":{"line":7,"column":1},"end":{"line":7,"column":18}},"7":{"start":{"line":8,"column":1},"end":{"line":8,"column":22}},"8":{"start":{"line":9,"column":1},"end":{"line":9,"column":21}},"9":{"start":{"line":10,"column":1},"end":{"line":10,"column":15}},"10":{"start":{"line":13,"column":0},"end":{"line":15,"column":2}},"11":{"start":{"line":14,"column":1},"end":{"line":14,"column":28}},"12":{"start":{"line":17,"column":0},"end":{"line":19,"column":2}},"13":{"start":{"line":18,"column":1},"end":{"line":18,"column":29}},"14":{"start":{"line":21,"column":0},"end":{"line":24,"column":2}},"15":{"start":{"line":22,"column":1},"end":{"line":22,"column":46}},"16":{"start":{"line":23,"column":1},"end":{"line":23,"column":20}},"17":{"start":{"line":26,"column":0},"end":{"line":31,"column":2}},"18":{"start":{"line":27,"column":1},"end":{"line":29,"column":4}},"19":{"start":{"line":28,"column":2},"end":{"line":28,"column":24}},"20":{"start":{"line":30,"column":1},"end":{"line":30,"column":56}},"21":{"start":{"line":33,"column":0},"end":{"line":40,"column":2}},"22":{"start":{"line":34,"column":1},"end":{"line":34,"column":26}},"23":{"start":{"line":35,"column":1},"end":{"line":38,"column":4}},"24":{"start":{"line":36,"column":2},"end":{"line":37,"column":34}},"25":{"start":{"line":37,"column":3},"end":{"line":37,"column":34}},"26":{"start":{"line":39,"column":1},"end":{"line":39,"column":29}},"27":{"start":{"line":42,"column":0},"end":{"line":45,"column":2}},"28":{"start":{"line":43,"column":1},"end":{"line":43,"column":68}},"29":{"start":{"line":44,"column":1},"end":{"line":44,"column":29}},"30":{"start":{"line":47,"column":0},"end":{"line":51,"column":2}},"31":{"start":{"line":48,"column":1},"end":{"line":50,"column":4}},"32":{"start":{"line":49,"column":2},"end":{"line":49,"column":34}},"33":{"start":{"line":53,"column":0},"end":{"line":68,"column":2}},"34":{"start":{"line":54,"column":1},"end":{"line":54,"column":52}},"35":{"start":{"line":55,"column":1},"end":{"line":55,"column":21}},"36":{"start":{"line":56,"column":1},"end":{"line":61,"column":2}},"37":{"start":{"line":57,"column":2},"end":{"line":57,"column":40}},"38":{"start":{"line":58,"column":2},"end":{"line":59,"column":15}},"39":{"start":{"line":59,"column":3},"end":{"line":59,"column":15}},"40":{"start":{"line":60,"column":2},"end":{"line":60,"column":15}},"41":{"start":{"line":62,"column":1},"end":{"line":67,"column":2}},"42":{"start":{"line":63,"column":2},"end":{"line":63,"column":42}},"43":{"start":{"line":64,"column":2},"end":{"line":65,"column":15}},"44":{"start":{"line":65,"column":3},"end":{"line":65,"column":15}},"45":{"start":{"line":66,"column":2},"end":{"line":66,"column":15}},"46":{"start":{"line":70,"column":0},"end":{"line":91,"column":2}},"47":{"start":{"line":71,"column":1},"end":{"line":89,"column":2}},"48":{"start":{"line":72,"column":2},"end":{"line":79,"column":3}},"49":{"start":{"line":73,"column":3},"end":{"line":73,"column":59}},"50":{"start":{"line":74,"column":3},"end":{"line":74,"column":101}},"51":{"start":{"line":76,"column":7},"end":{"line":79,"column":3}},"52":{"start":{"line":77,"column":3},"end":{"line":77,"column":58}},"53":{"start":{"line":78,"column":3},"end":{"line":78,"column":121}},"54":{"start":{"line":80,"column":2},"end":{"line":82,"column":3}},"55":{"start":{"line":81,"column":4},"end":{"line":81,"column":53}},"56":{"start":{"line":83,"column":2},"end":{"line":83,"column":47}},"57":{"start":{"line":84,"column":2},"end":{"line":84,"column":84}},"58":{"start":{"line":85,"column":2},"end":{"line":87,"column":3}},"59":{"start":{"line":86,"column":3},"end":{"line":86,"column":43}},"60":{"start":{"line":88,"column":2},"end":{"line":88,"column":9}},"61":{"start":{"line":90,"column":1},"end":{"line":90,"column":47}},"62":{"start":{"line":93,"column":0},"end":{"line":96,"column":2}},"63":{"start":{"line":94,"column":1},"end":{"line":94,"column":43}},"64":{"start":{"line":95,"column":1},"end":{"line":95,"column":63}},"65":{"start":{"line":98,"column":0},"end":{"line":108,"column":2}},"66":{"start":{"line":99,"column":1},"end":{"line":99,"column":43}},"67":{"start":{"line":100,"column":1},"end":{"line":102,"column":4}},"68":{"start":{"line":101,"column":2},"end":{"line":101,"column":52}},"69":{"start":{"line":103,"column":1},"end":{"line":103,"column":101}},"70":{"start":{"line":104,"column":1},"end":{"line":104,"column":75}},"71":{"start":{"line":105,"column":1},"end":{"line":105,"column":40}},"72":{"start":{"line":106,"column":1},"end":{"line":107,"column":22}},"73":{"start":{"line":107,"column":2},"end":{"line":107,"column":22}},"74":{"start":{"line":110,"column":0},"end":{"line":113,"column":2}},"75":{"start":{"line":111,"column":1},"end":{"line":111,"column":43}},"76":{"start":{"line":112,"column":1},"end":{"line":112,"column":32}},"77":{"start":{"line":115,"column":0},"end":{"line":119,"column":2}},"78":{"start":{"line":116,"column":1},"end":{"line":116,"column":51}},"79":{"start":{"line":117,"column":1},"end":{"line":117,"column":36}},"80":{"start":{"line":118,"column":1},"end":{"line":118,"column":36}},"81":{"start":{"line":121,"column":0},"end":{"line":132,"column":2}},"82":{"start":{"line":122,"column":1},"end":{"line":122,"column":51}},"83":{"start":{"line":123,"column":1},"end":{"line":131,"column":32}},"84":{"start":{"line":124,"column":2},"end":{"line":127,"column":3}},"85":{"start":{"line":125,"column":3},"end":{"line":125,"column":50}},"86":{"start":{"line":126,"column":3},"end":{"line":126,"column":25}},"87":{"start":{"line":128,"column":2},"end":{"line":128,"column":31}},"88":{"start":{"line":129,"column":2},"end":{"line":129,"column":32}},"89":{"start":{"line":131,"column":6},"end":{"line":131,"column":32}},"90":{"start":{"line":134,"column":0},"end":{"line":137,"column":2}},"91":{"start":{"line":135,"column":1},"end":{"line":135,"column":51}},"92":{"start":{"line":136,"column":1},"end":{"line":136,"column":34}},"93":{"start":{"line":139,"column":0},"end":{"line":142,"column":2}},"94":{"start":{"line":140,"column":1},"end":{"line":140,"column":59}},"95":{"start":{"line":141,"column":1},"end":{"line":141,"column":53}},"96":{"start":{"line":144,"column":0},"end":{"line":149,"column":2}},"97":{"start":{"line":145,"column":1},"end":{"line":145,"column":48}},"98":{"start":{"line":146,"column":1},"end":{"line":146,"column":43}},"99":{"start":{"line":147,"column":1},"end":{"line":147,"column":29}},"100":{"start":{"line":148,"column":1},"end":{"line":148,"column":25}},"101":{"start":{"line":151,"column":0},"end":{"line":154,"column":2}},"102":{"start":{"line":152,"column":1},"end":{"line":152,"column":40}},"103":{"start":{"line":153,"column":1},"end":{"line":153,"column":31}},"104":{"start":{"line":156,"column":0},"end":{"line":159,"column":2}},"105":{"start":{"line":157,"column":1},"end":{"line":157,"column":40}},"106":{"start":{"line":158,"column":1},"end":{"line":158,"column":33}},"107":{"start":{"line":161,"column":0},"end":{"line":172,"column":2}},"108":{"start":{"line":162,"column":1},"end":{"line":162,"column":50}},"109":{"start":{"line":163,"column":1},"end":{"line":163,"column":45}},"110":{"start":{"line":164,"column":1},"end":{"line":171,"column":3}},"111":{"start":{"line":174,"column":0},"end":{"line":180,"column":2}},"112":{"start":{"line":175,"column":1},"end":{"line":175,"column":17}},"113":{"start":{"line":176,"column":1},"end":{"line":178,"column":4}},"114":{"start":{"line":177,"column":2},"end":{"line":177,"column":32}},"115":{"start":{"line":179,"column":1},"end":{"line":179,"column":15}},"116":{"start":{"line":182,"column":0},"end":{"line":186,"column":2}},"117":{"start":{"line":183,"column":1},"end":{"line":185,"column":4}},"118":{"start":{"line":184,"column":2},"end":{"line":184,"column":28}},"119":{"start":{"line":188,"column":0},"end":{"line":196,"column":2}},"120":{"start":{"line":189,"column":1},"end":{"line":189,"column":31}},"121":{"start":{"line":190,"column":1},"end":{"line":194,"column":2}},"122":{"start":{"line":191,"column":2},"end":{"line":192,"column":51}},"123":{"start":{"line":193,"column":2},"end":{"line":193,"column":50}},"124":{"start":{"line":195,"column":1},"end":{"line":195,"column":29}},"125":{"start":{"line":198,"column":0},"end":{"line":209,"column":2}},"126":{"start":{"line":199,"column":1},"end":{"line":199,"column":74}},"127":{"start":{"line":200,"column":1},"end":{"line":200,"column":75}},"128":{"start":{"line":201,"column":1},"end":{"line":201,"column":44}},"129":{"start":{"line":202,"column":1},"end":{"line":202,"column":13}},"130":{"start":{"line":203,"column":1},"end":{"line":207,"column":2}},"131":{"start":{"line":204,"column":2},"end":{"line":204,"column":96}},"132":{"start":{"line":205,"column":2},"end":{"line":205,"column":38}},"133":{"start":{"line":206,"column":2},"end":{"line":206,"column":92}},"134":{"start":{"line":208,"column":1},"end":{"line":208,"column":21}},"135":{"start":{"line":211,"column":0},"end":{"line":211,"column":20}},"136":{"start":{"line":212,"column":0},"end":{"line":212,"column":18}}},"branchMap":{"1":{"line":30,"type":"binary-expr","locations":[{"start":{"line":30,"column":8},"end":{"line":30,"column":26}},{"start":{"line":30,"column":30},"end":{"line":30,"column":55}}]},"2":{"line":36,"type":"if","locations":[{"start":{"line":36,"column":2},"end":{"line":36,"column":2}},{"start":{"line":36,"column":2},"end":{"line":36,"column":2}}]},"3":{"line":56,"type":"if","locations":[{"start":{"line":56,"column":1},"end":{"line":56,"column":1}},{"start":{"line":56,"column":1},"end":{"line":56,"column":1}}]},"4":{"line":58,"type":"if","locations":[{"start":{"line":58,"column":2},"end":{"line":58,"column":2}},{"start":{"line":58,"column":2},"end":{"line":58,"column":2}}]},"5":{"line":62,"type":"if","locations":[{"start":{"line":62,"column":1},"end":{"line":62,"column":1}},{"start":{"line":62,"column":1},"end":{"line":62,"column":1}}]},"6":{"line":64,"type":"if","locations":[{"start":{"line":64,"column":2},"end":{"line":64,"column":2}},{"start":{"line":64,"column":2},"end":{"line":64,"column":2}}]},"7":{"line":71,"type":"if","locations":[{"start":{"line":71,"column":1},"end":{"line":71,"column":1}},{"start":{"line":71,"column":1},"end":{"line":71,"column":1}}]},"8":{"line":72,"type":"if","locations":[{"start":{"line":72,"column":2},"end":{"line":72,"column":2}},{"start":{"line":72,"column":2},"end":{"line":72,"column":2}}]},"9":{"line":76,"type":"if","locations":[{"start":{"line":76,"column":7},"end":{"line":76,"column":7}},{"start":{"line":76,"column":7},"end":{"line":76,"column":7}}]},"10":{"line":80,"type":"if","locations":[{"start":{"line":80,"column":2},"end":{"line":80,"column":2}},{"start":{"line":80,"column":2},"end":{"line":80,"column":2}}]},"11":{"line":85,"type":"if","locations":[{"start":{"line":85,"column":2},"end":{"line":85,"column":2}},{"start":{"line":85,"column":2},"end":{"line":85,"column":2}}]},"12":{"line":106,"type":"if","locations":[{"start":{"line":106,"column":1},"end":{"line":106,"column":1}},{"start":{"line":106,"column":1},"end":{"line":106,"column":1}}]},"13":{"line":123,"type":"if","locations":[{"start":{"line":123,"column":1},"end":{"line":123,"column":1}},{"start":{"line":123,"column":1},"end":{"line":123,"column":1}}]},"14":{"line":124,"type":"if","locations":[{"start":{"line":124,"column":2},"end":{"line":124,"column":2}},{"start":{"line":124,"column":2},"end":{"line":124,"column":2}}]},"15":{"line":191,"type":"cond-expr","locations":[{"start":{"line":191,"column":61},"end":{"line":191,"column":121}},{"start":{"line":192,"column":12},"end":{"line":192,"column":49}}]},"16":{"line":199,"type":"cond-expr","locations":[{"start":{"line":199,"column":39},"end":{"line":199,"column":55}},{"start":{"line":199,"column":57},"end":{"line":199,"column":73}}]},"17":{"line":200,"type":"cond-expr","locations":[{"start":{"line":200,"column":40},"end":{"line":200,"column":56}},{"start":{"line":200,"column":58},"end":{"line":200,"column":74}}]},"18":{"line":203,"type":"if","locations":[{"start":{"line":203,"column":1},"end":{"line":203,"column":1}},{"start":{"line":203,"column":1},"end":{"line":203,"column":1}}]}}},"/Users/shibik/projects/BattleShip/lib/db.js":{"path":"/Users/shibik/projects/BattleShip/lib/db.js","s":{"1":1,"2":1,"3":1,"4":1,"5":1,"6":1,"7":1,"8":1,"9":1,"10":0,"11":0,"12":0,"13":0,"14":1,"15":0,"16":0,"17":0,"18":0,"19":0,"20":0,"21":0,"22":1,"23":0,"24":0,"25":0,"26":0,"27":0,"28":0,"29":0,"30":0,"31":0,"32":0,"33":1,"34":0,"35":0,"36":0,"37":0,"38":0,"39":0,"40":0,"41":0,"42":0,"43":0,"44":1},"b":{"1":[1,1],"2":[1,1],"3":[1,1],"4":[1,1],"5":[1,0],"6":[0,0],"7":[0,0],"8":[0,0],"9":[0,0],"10":[0,0]},"f":{"1":1,"2":1,"3":0,"4":0,"5":0,"6":0,"7":0,"8":0,"9":0,"10":0,"11":0,"12":0,"13":0,"14":0},"fnMap":{"1":{"name":"(anonymous_1)","line":13,"loc":{"start":{"line":13,"column":16},"end":{"line":13,"column":40}}},"2":{"name":"(anonymous_2)","line":14,"loc":{"start":{"line":14,"column":22},"end":{"line":14,"column":47}}},"3":{"name":"(anonymous_3)","line":16,"loc":{"start":{"line":16,"column":108},"end":{"line":16,"column":128}}},"4":{"name":"(anonymous_4)","line":22,"loc":{"start":{"line":22,"column":20},"end":{"line":22,"column":39}}},"5":{"name":"(anonymous_5)","line":23,"loc":{"start":{"line":23,"column":22},"end":{"line":23,"column":47}}},"6":{"name":"(anonymous_6)","line":25,"loc":{"start":{"line":25,"column":114},"end":{"line":25,"column":134}}},"7":{"name":"(anonymous_7)","line":34,"loc":{"start":{"line":34,"column":18},"end":{"line":34,"column":31}}},"8":{"name":"(anonymous_8)","line":36,"loc":{"start":{"line":36,"column":22},"end":{"line":36,"column":47}}},"9":{"name":"(anonymous_9)","line":39,"loc":{"start":{"line":39,"column":17},"end":{"line":39,"column":30}}},"10":{"name":"(anonymous_10)","line":42,"loc":{"start":{"line":42,"column":17},"end":{"line":42,"column":27}}},"11":{"name":"(anonymous_11)","line":51,"loc":{"start":{"line":51,"column":26},"end":{"line":51,"column":39}}},"12":{"name":"(anonymous_12)","line":53,"loc":{"start":{"line":53,"column":22},"end":{"line":53,"column":47}}},"13":{"name":"(anonymous_13)","line":56,"loc":{"start":{"line":56,"column":17},"end":{"line":56,"column":30}}},"14":{"name":"(anonymous_14)","line":59,"loc":{"start":{"line":59,"column":17},"end":{"line":59,"column":27}}}},"statementMap":{"1":{"start":{"line":1,"column":0},"end":{"line":1,"column":23}},"2":{"start":{"line":2,"column":0},"end":{"line":2,"column":26}},"3":{"start":{"line":3,"column":0},"end":{"line":3,"column":12}},"4":{"start":{"line":4,"column":0},"end":{"line":10,"column":3}},"5":{"start":{"line":12,"column":0},"end":{"line":12,"column":99}},"6":{"start":{"line":13,"column":0},"end":{"line":20,"column":2}},"7":{"start":{"line":14,"column":1},"end":{"line":19,"column":4}},"8":{"start":{"line":15,"column":2},"end":{"line":15,"column":46}},"9":{"start":{"line":15,"column":10},"end":{"line":15,"column":46}},"10":{"start":{"line":16,"column":2},"end":{"line":18,"column":12}},"11":{"start":{"line":17,"column":3},"end":{"line":17,"column":28}},"12":{"start":{"line":17,"column":11},"end":{"line":17,"column":28}},"13":{"start":{"line":18,"column":3},"end":{"line":18,"column":9}},"14":{"start":{"line":22,"column":0},"end":{"line":29,"column":1}},"15":{"start":{"line":23,"column":1},"end":{"line":28,"column":4}},"16":{"start":{"line":24,"column":2},"end":{"line":24,"column":46}},"17":{"start":{"line":24,"column":10},"end":{"line":24,"column":46}},"18":{"start":{"line":25,"column":2},"end":{"line":27,"column":12}},"19":{"start":{"line":26,"column":3},"end":{"line":26,"column":28}},"20":{"start":{"line":26,"column":11},"end":{"line":26,"column":28}},"21":{"start":{"line":27,"column":3},"end":{"line":27,"column":9}},"22":{"start":{"line":34,"column":0},"end":{"line":47,"column":2}},"23":{"start":{"line":35,"column":1},"end":{"line":35,"column":17}},"24":{"start":{"line":36,"column":1},"end":{"line":46,"column":4}},"25":{"start":{"line":37,"column":2},"end":{"line":37,"column":27}},"26":{"start":{"line":37,"column":10},"end":{"line":37,"column":27}},"27":{"start":{"line":38,"column":2},"end":{"line":38,"column":77}},"28":{"start":{"line":39,"column":2},"end":{"line":41,"column":5}},"29":{"start":{"line":40,"column":3},"end":{"line":40,"column":20}},"30":{"start":{"line":42,"column":2},"end":{"line":45,"column":5}},"31":{"start":{"line":43,"column":3},"end":{"line":43,"column":16}},"32":{"start":{"line":44,"column":3},"end":{"line":44,"column":36}},"33":{"start":{"line":51,"column":0},"end":{"line":64,"column":2}},"34":{"start":{"line":52,"column":1},"end":{"line":52,"column":17}},"35":{"start":{"line":53,"column":1},"end":{"line":63,"column":4}},"36":{"start":{"line":54,"column":2},"end":{"line":54,"column":27}},"37":{"start":{"line":54,"column":10},"end":{"line":54,"column":27}},"38":{"start":{"line":55,"column":2},"end":{"line":55,"column":79}},"39":{"start":{"line":56,"column":2},"end":{"line":58,"column":5}},"40":{"start":{"line":57,"column":3},"end":{"line":57,"column":20}},"41":{"start":{"line":59,"column":2},"end":{"line":62,"column":5}},"42":{"start":{"line":60,"column":3},"end":{"line":60,"column":16}},"43":{"start":{"line":61,"column":3},"end":{"line":61,"column":36}},"44":{"start":{"line":66,"column":0},"end":{"line":66,"column":18}}},"branchMap":{"1":{"line":5,"type":"binary-expr","locations":[{"start":{"line":5,"column":13},"end":{"line":5,"column":53}},{"start":{"line":5,"column":55},"end":{"line":5,"column":66}}]},"2":{"line":6,"type":"binary-expr","locations":[{"start":{"line":6,"column":13},"end":{"line":6,"column":57}},{"start":{"line":6,"column":59},"end":{"line":6,"column":73}}]},"3":{"line":7,"type":"binary-expr","locations":[{"start":{"line":7,"column":13},"end":{"line":7,"column":57}},{"start":{"line":7,"column":59},"end":{"line":7,"column":73}}]},"4":{"line":8,"type":"binary-expr","locations":[{"start":{"line":8,"column":13},"end":{"line":8,"column":53}},{"start":{"line":8,"column":55},"end":{"line":8,"column":61}}]},"5":{"line":15,"type":"if","locations":[{"start":{"line":15,"column":2},"end":{"line":15,"column":2}},{"start":{"line":15,"column":2},"end":{"line":15,"column":2}}]},"6":{"line":17,"type":"if","locations":[{"start":{"line":17,"column":3},"end":{"line":17,"column":3}},{"start":{"line":17,"column":3},"end":{"line":17,"column":3}}]},"7":{"line":24,"type":"if","locations":[{"start":{"line":24,"column":2},"end":{"line":24,"column":2}},{"start":{"line":24,"column":2},"end":{"line":24,"column":2}}]},"8":{"line":26,"type":"if","locations":[{"start":{"line":26,"column":3},"end":{"line":26,"column":3}},{"start":{"line":26,"column":3},"end":{"line":26,"column":3}}]},"9":{"line":37,"type":"if","locations":[{"start":{"line":37,"column":2},"end":{"line":37,"column":2}},{"start":{"line":37,"column":2},"end":{"line":37,"column":2}}]},"10":{"line":54,"type":"if","locations":[{"start":{"line":54,"column":2},"end":{"line":54,"column":2}},{"start":{"line":54,"column":2},"end":{"line":54,"column":2}}]}}}}