TN:
SF:/Users/sagarma/Desktop/Project/BattleShip/lib/battleShip.js
FN:6,(anonymous_1)
FN:10,(anonymous_2)
FN:11,(anonymous_3)
FNF:3
FNH:3
FNDA:9,(anonymous_1)
FNDA:15,(anonymous_2)
FNDA:66,(anonymous_3)
DA:1,1
DA:2,1
DA:3,1
DA:4,1
DA:6,1
DA:7,9
DA:10,1
DA:11,15
DA:12,66
LF:9
LH:9
BRF:0
BRH:0
end_of_record
TN:
SF:/Users/sagarma/Desktop/Project/BattleShip/lib/player.js
FN:4,(anonymous_1)
FN:15,(anonymous_2)
FN:19,(anonymous_3)
FN:20,(anonymous_4)
FN:28,(anonymous_5)
FN:32,(anonymous_6)
FNF:6
FNH:6
FNDA:12,(anonymous_1)
FNDA:1,(anonymous_2)
FNDA:5,(anonymous_3)
FNDA:6,(anonymous_4)
FNDA:6,(anonymous_5)
FNDA:6,(anonymous_6)
DA:1,1
DA:2,1
DA:4,1
DA:5,12
DA:6,12
DA:7,12
DA:8,12
DA:9,12
DA:10,12
DA:11,12
DA:12,12
DA:15,1
DA:16,1
DA:19,1
DA:20,5
DA:21,6
DA:23,5
DA:24,1
DA:28,1
DA:29,6
DA:30,3
DA:31,3
DA:32,3
DA:33,6
DA:35,3
DA:36,3
DA:38,3
DA:41,1
LF:28
LH:28
BRDA:23,1,0,1
BRDA:23,1,1,4
BRDA:29,2,0,3
BRDA:29,2,1,3
BRF:4
BRH:4
end_of_record
TN:
SF:/Users/sagarma/Desktop/Project/BattleShip/lib/ship.js
FN:3,(anonymous_1)
FN:8,(anonymous_2)
FN:13,(anonymous_3)
FNF:3
FNH:3
FNDA:9,(anonymous_1)
FNDA:6,(anonymous_2)
FNDA:4,(anonymous_3)
DA:1,1
DA:3,1
DA:4,9
DA:5,9
DA:8,1
DA:9,6
DA:10,3
DA:13,1
DA:14,4
DA:15,4
DA:18,1
LF:11
LH:11
BRDA:9,1,0,3
BRDA:9,1,1,3
BRF:2
BRH:2
end_of_record
TN:
SF:/Users/sagarma/Desktop/Project/BattleShip/lib/grid.js
FN:1,(anonymous_1)
FN:3,makeArray
FN:10,(anonymous_3)
FN:12,(anonymous_4)
FNF:4
FNH:4
FNDA:3,(anonymous_1)
FNDA:30,makeArray
FNDA:2,(anonymous_3)
FNDA:4,(anonymous_4)
DA:1,1
DA:2,3
DA:3,30
DA:4,300
DA:5,30
DA:7,3
DA:8,3
DA:10,3
DA:11,2
DA:12,2
DA:13,4
DA:18,1
DA:20,1
LF:13
LH:13
BRF:0
BRH:0
end_of_record
TN:
SF:/Users/sagarma/Desktop/Project/BattleShip/lib/controller.js
FN:10,(anonymous_1)
FN:14,(anonymous_2)
FN:21,(anonymous_3)
FN:40,(anonymous_4)
FN:45,(anonymous_5)
FN:56,(anonymous_6)
FN:62,(anonymous_7)
FN:67,(anonymous_8)
FN:71,(anonymous_9)
FN:76,(anonymous_10)
FN:81,(anonymous_11)
FN:86,(anonymous_12)
FN:108,(anonymous_13)
FN:125,(anonymous_14)
FN:133,(anonymous_15)
FN:137,(anonymous_16)
FN:141,(anonymous_17)
FN:146,(anonymous_18)
FN:152,(anonymous_19)
FNF:19
FNH:7
FNDA:8,(anonymous_1)
FNDA:0,(anonymous_2)
FNDA:0,(anonymous_3)
FNDA:1,(anonymous_4)
FNDA:0,(anonymous_5)
FNDA:0,(anonymous_6)
FNDA:0,(anonymous_7)
FNDA:1,(anonymous_8)
FNDA:0,(anonymous_9)
FNDA:0,(anonymous_10)
FNDA:1,(anonymous_11)
FNDA:2,(anonymous_12)
FNDA:1,(anonymous_13)
FNDA:1,(anonymous_14)
FNDA:0,(anonymous_15)
FNDA:0,(anonymous_16)
FNDA:0,(anonymous_17)
FNDA:0,(anonymous_18)
FNDA:0,(anonymous_19)
DA:1,1
DA:2,1
DA:3,1
DA:4,1
DA:5,1
DA:6,1
DA:7,1
DA:8,1
DA:10,1
DA:11,8
DA:14,1
DA:15,0
DA:16,0
DA:17,0
DA:21,1
DA:22,0
DA:23,0
DA:25,0
DA:29,1
DA:34,1
DA:35,1
DA:36,1
DA:37,1
DA:40,1
DA:41,1
DA:45,1
DA:46,0
DA:47,0
DA:49,0
DA:50,0
DA:51,0
DA:52,0
DA:53,0
DA:56,1
DA:57,0
DA:58,0
DA:59,0
DA:62,1
DA:63,0
DA:64,0
DA:67,1
DA:68,1
DA:69,1
DA:71,1
DA:72,0
DA:73,0
DA:74,0
DA:76,1
DA:77,0
DA:78,0
DA:79,0
DA:81,1
DA:82,1
DA:83,1
DA:86,1
DA:87,2
DA:88,2
DA:89,2
DA:90,2
DA:91,0
DA:92,0
DA:94,2
DA:95,1
DA:96,1
DA:97,1
DA:98,1
DA:101,1
DA:102,1
DA:105,2
DA:108,1
DA:109,1
DA:110,1
DA:111,1
DA:112,1
DA:120,1
DA:125,1
DA:126,1
DA:127,1
DA:128,1
DA:129,0
DA:130,1
DA:133,1
DA:134,0
DA:137,1
DA:138,0
DA:141,1
DA:142,0
DA:146,1
DA:147,0
DA:148,0
DA:152,1
DA:153,0
DA:154,0
DA:158,1
DA:160,1
LF:95
LH:61
BRDA:22,1,0,0
BRDA:22,1,1,0
BRDA:46,2,0,0
BRDA:46,2,1,0
BRDA:90,3,0,0
BRDA:90,3,1,2
BRDA:94,4,0,1
BRDA:94,4,1,1
BRDA:128,5,0,0
BRDA:128,5,1,1
BRDA:147,6,0,0
BRDA:147,6,1,0
BRDA:153,7,0,0
BRDA:153,7,1,0
BRF:14
BRH:4
end_of_record
TN:
SF:/Users/sagarma/Desktop/Project/BattleShip/lib/observer.js
FN:6,(anonymous_1)
FN:11,(anonymous_2)
FN:15,(anonymous_3)
FN:20,(anonymous_4)
FN:33,(anonymous_5)
FN:44,(anonymous_6)
FN:47,(anonymous_7)
FN:51,(anonymous_8)
FNF:8
FNH:8
FNDA:8,(anonymous_1)
FNDA:4,(anonymous_2)
FNDA:8,(anonymous_3)
FNDA:4,(anonymous_4)
FNDA:5,(anonymous_5)
FNDA:5,(anonymous_6)
FNDA:4,(anonymous_7)
FNDA:2,(anonymous_8)
DA:1,1
DA:2,1
DA:3,1
DA:4,1
DA:6,1
DA:7,8
DA:8,8
DA:9,8
DA:11,8
DA:12,4
DA:13,4
DA:15,8
DA:16,8
DA:17,8
DA:18,8
DA:20,8
DA:21,4
DA:22,4
DA:23,1
DA:24,3
DA:25,1
DA:28,2
DA:29,2
DA:30,2
DA:33,8
DA:34,5
DA:35,5
DA:36,2
DA:39,3
DA:40,3
DA:41,3
DA:44,8
DA:45,5
DA:46,5
DA:47,5
DA:48,4
DA:51,8
DA:52,2
DA:53,2
DA:54,1
DA:55,1
DA:56,1
DA:59,1
DA:60,1
DA:65,1
LF:45
LH:45
BRDA:22,1,0,1
BRDA:22,1,1,3
BRDA:22,2,0,4
BRDA:22,2,1,2
BRDA:24,3,0,1
BRDA:24,3,1,2
BRDA:24,4,0,3
BRDA:24,4,1,1
BRDA:35,5,0,2
BRDA:35,5,1,3
BRDA:35,6,0,5
BRDA:35,6,1,4
BRDA:53,7,0,1
BRDA:53,7,1,1
BRF:14
BRH:14
end_of_record
TN:
SF:/Users/sagarma/Desktop/Project/BattleShip/lib/Game.js
FN:6,(anonymous_1)
FN:13,(anonymous_2)
FN:17,(anonymous_3)
FN:21,(anonymous_4)
FN:26,(anonymous_5)
FN:27,(anonymous_6)
FN:33,(anonymous_7)
FN:35,(anonymous_8)
FN:42,(anonymous_9)
FN:47,(anonymous_10)
FN:48,(anonymous_11)
FN:53,(anonymous_12)
FN:70,(anonymous_13)
FN:94,(anonymous_14)
FN:99,(anonymous_15)
FN:101,(anonymous_16)
FN:111,(anonymous_17)
FN:116,(anonymous_18)
FN:122,(anonymous_19)
FN:135,(anonymous_20)
FN:140,(anonymous_21)
FN:145,(anonymous_22)
FN:152,(anonymous_23)
FN:157,(anonymous_24)
FN:162,(anonymous_25)
FN:175,(anonymous_26)
FN:177,(anonymous_27)
FN:183,(anonymous_28)
FN:184,(anonymous_29)
FN:189,(anonymous_30)
FN:199,(anonymous_31)
FNF:31
FNH:31
FNDA:37,(anonymous_1)
FNDA:48,(anonymous_2)
FNDA:8,(anonymous_3)
FNDA:1,(anonymous_4)
FNDA:6,(anonymous_5)
FNDA:10,(anonymous_6)
FNDA:42,(anonymous_7)
FNDA:72,(anonymous_8)
FNDA:21,(anonymous_9)
FNDA:2,(anonymous_10)
FNDA:4,(anonymous_11)
FNDA:13,(anonymous_12)
FNDA:9,(anonymous_13)
FNDA:3,(anonymous_14)
FNDA:3,(anonymous_15)
FNDA:3,(anonymous_16)
FNDA:2,(anonymous_17)
FNDA:4,(anonymous_18)
FNDA:4,(anonymous_19)
FNDA:1,(anonymous_20)
FNDA:1,(anonymous_21)
FNDA:2,(anonymous_22)
FNDA:1,(anonymous_23)
FNDA:1,(anonymous_24)
FNDA:1,(anonymous_25)
FNDA:4,(anonymous_26)
FNDA:7,(anonymous_27)
FNDA:8,(anonymous_28)
FNDA:22,(anonymous_29)
FNDA:9,(anonymous_30)
FNDA:1,(anonymous_31)
DA:1,1
DA:2,1
DA:3,1
DA:4,1
DA:6,1
DA:7,37
DA:8,37
DA:9,37
DA:10,37
DA:13,1
DA:14,48
DA:17,1
DA:18,8
DA:21,1
DA:22,1
DA:23,1
DA:26,1
DA:27,6
DA:28,10
DA:30,6
DA:33,1
DA:34,42
DA:35,42
DA:36,72
DA:37,42
DA:39,42
DA:42,1
DA:43,21
DA:44,21
DA:47,1
DA:48,2
DA:49,4
DA:53,1
DA:54,13
DA:55,13
DA:56,13
DA:57,9
DA:58,9
DA:59,6
DA:60,3
DA:62,4
DA:63,4
DA:64,4
DA:65,3
DA:66,1
DA:70,1
DA:71,9
DA:72,7
DA:73,5
DA:74,5
DA:76,2
DA:77,2
DA:78,2
DA:80,7
DA:81,2
DA:83,5
DA:84,5
DA:86,5
DA:87,1
DA:89,4
DA:91,2
DA:94,1
DA:95,3
DA:96,3
DA:99,1
DA:100,3
DA:101,3
DA:102,3
DA:104,3
DA:105,3
DA:106,3
DA:107,3
DA:108,1
DA:111,1
DA:112,2
DA:113,2
DA:116,1
DA:117,4
DA:118,4
DA:119,2
DA:122,1
DA:123,4
DA:124,4
DA:125,3
DA:126,1
DA:127,1
DA:129,3
DA:130,3
DA:132,1
DA:135,1
DA:136,1
DA:137,1
DA:140,1
DA:141,1
DA:142,1
DA:145,1
DA:146,2
DA:147,2
DA:148,2
DA:149,2
DA:152,1
DA:153,1
DA:154,1
DA:157,1
DA:158,1
DA:159,1
DA:162,1
DA:163,1
DA:164,1
DA:165,1
DA:175,1
DA:176,4
DA:177,4
DA:178,7
DA:180,4
DA:183,1
DA:184,8
DA:185,22
DA:189,1
DA:190,9
DA:191,9
DA:192,30
DA:194,30
DA:196,9
DA:199,1
DA:200,1
DA:201,1
DA:202,1
DA:203,1
DA:204,1
DA:205,1
DA:206,1
DA:207,1
DA:209,1
DA:212,1
DA:213,1
LF:136
LH:136
BRDA:30,1,0,6
BRDA:30,1,1,4
BRDA:36,2,0,42
BRDA:36,2,1,30
BRDA:56,3,0,9
BRDA:56,3,1,4
BRDA:58,4,0,6
BRDA:58,4,1,3
BRDA:62,5,0,4
BRDA:62,5,1,0
BRDA:64,6,0,3
BRDA:64,6,1,1
BRDA:71,7,0,7
BRDA:71,7,1,2
BRDA:72,8,0,5
BRDA:72,8,1,2
BRDA:76,9,0,2
BRDA:76,9,1,0
BRDA:80,10,0,2
BRDA:80,10,1,5
BRDA:86,11,0,1
BRDA:86,11,1,4
BRDA:107,12,0,1
BRDA:107,12,1,2
BRDA:124,13,0,3
BRDA:124,13,1,1
BRDA:125,14,0,1
BRDA:125,14,1,2
BRDA:192,15,0,24
BRDA:192,15,1,6
BRDA:200,16,0,1
BRDA:200,16,1,0
BRDA:201,17,0,1
BRDA:201,17,1,0
BRDA:204,18,0,1
BRDA:204,18,1,0
BRF:36
BRH:31
end_of_record
TN:
SF:/Users/sagarma/Desktop/Project/BattleShip/lib/db.js
FN:13,(anonymous_1)
FN:14,(anonymous_2)
FN:16,(anonymous_3)
FN:22,(anonymous_4)
FN:30,(anonymous_5)
FN:33,(anonymous_6)
FN:35,(anonymous_7)
FN:44,(anonymous_8)
FN:46,(anonymous_9)
FN:49,(anonymous_10)
FN:52,(anonymous_11)
FN:61,(anonymous_12)
FN:63,(anonymous_13)
FN:66,(anonymous_14)
FN:69,(anonymous_15)
FNF:15
FNH:4
FNDA:1,(anonymous_1)
FNDA:1,(anonymous_2)
FNDA:0,(anonymous_3)
FNDA:0,(anonymous_4)
FNDA:1,(anonymous_5)
FNDA:1,(anonymous_6)
FNDA:0,(anonymous_7)
FNDA:0,(anonymous_8)
FNDA:0,(anonymous_9)
FNDA:0,(anonymous_10)
FNDA:0,(anonymous_11)
FNDA:0,(anonymous_12)
FNDA:0,(anonymous_13)
FNDA:0,(anonymous_14)
FNDA:0,(anonymous_15)
DA:1,1
DA:2,1
DA:3,1
DA:4,1
DA:12,1
DA:13,1
DA:14,1
DA:15,1
DA:16,0
DA:17,0
DA:18,0
DA:22,1
DA:23,0
DA:24,0
DA:25,0
DA:26,0
DA:30,1
DA:31,1
DA:33,1
DA:34,1
DA:35,0
DA:36,0
DA:37,0
DA:44,1
DA:45,0
DA:46,0
DA:47,0
DA:48,0
DA:49,0
DA:50,0
DA:52,0
DA:53,0
DA:54,0
DA:61,1
DA:62,0
DA:63,0
DA:64,0
DA:65,0
DA:66,0
DA:67,0
DA:69,0
DA:70,0
DA:71,0
DA:76,1
LF:44
LH:16
BRDA:5,1,0,1
BRDA:5,1,1,1
BRDA:6,2,0,1
BRDA:6,2,1,1
BRDA:7,3,0,1
BRDA:7,3,1,1
BRDA:8,4,0,1
BRDA:8,4,1,1
BRDA:15,5,0,1
BRDA:15,5,1,0
BRDA:17,6,0,0
BRDA:17,6,1,0
BRDA:34,7,0,1
BRDA:34,7,1,0
BRDA:36,8,0,0
BRDA:36,8,1,0
BRDA:47,9,0,0
BRDA:47,9,1,0
BRDA:64,10,0,0
BRDA:64,10,1,0
BRF:20
BRH:10
end_of_record
